# do {sccomp_dataflow_oj_tb_compile.do}
# Model Technology ModelSim SE-64 vmap 10.5 Lib Mapping Utility 2016.02 Feb 13 2016
# vmap xil_defaultlib msim/xil_defaultlib 
# Modifying D:\xilinx_modelsim_lib\modelsim.ini
# ** Warning: (vlog-159) Mode option -64 is not supported in this context and will be ignored.
# Model Technology ModelSim SE-64 vlog 10.5 Compiler 2016.02 Feb 13 2016
# Start time: 02:20:43 on Apr 26,2018
# vlog -64 -incr -work xil_defaultlib "+incdir+../../../../CPU-Azathoth.srcs/sources_1/new" sccomp_dataflow_oj_tb_time_synth.v ../../../../CPU-Azathoth.srcs/sim_1/new/sccomp_dataflow_oj_tb.v 
# -- Compiling module DMEM
# -- Compiling module IMEM_dist
# -- Compiling module ALU
# -- Compiling module CAS
# -- Compiling module CAS__10
# -- Compiling module CAS__100
# -- Compiling module CAS__1000
# -- Compiling module CAS__1001
# -- Compiling module CAS__1002
# -- Compiling module CAS__1003
# -- Compiling module CAS__1004
# -- Compiling module CAS__1005
# -- Compiling module CAS__1006
# -- Compiling module CAS__1007
# -- Compiling module CAS__1008
# -- Compiling module CAS__1009
# -- Compiling module CAS__101
# -- Compiling module CAS__1010
# -- Compiling module CAS__1011
# -- Compiling module CAS__1012
# -- Compiling module CAS__1013
# -- Compiling module CAS__1014
# -- Compiling module CAS__1015
# -- Compiling module CAS__1016
# -- Compiling module CAS__1017
# -- Compiling module CAS__1018
# -- Compiling module CAS__1019
# -- Compiling module CAS__102
# -- Compiling module CAS__1020
# -- Compiling module CAS__1021
# -- Compiling module CAS__1022
# -- Compiling module CAS__1023
# -- Compiling module CAS__1024
# -- Compiling module CAS__1025
# -- Compiling module CAS__1026
# -- Compiling module CAS__1027
# -- Compiling module CAS__1028
# -- Compiling module CAS__1029
# -- Compiling module CAS__103
# -- Compiling module CAS__1030
# -- Compiling module CAS__1031
# -- Compiling module CAS__1032
# -- Compiling module CAS__1033
# -- Compiling module CAS__1034
# -- Compiling module CAS__1035
# -- Compiling module CAS__1036
# -- Compiling module CAS__1037
# -- Compiling module CAS__1038
# -- Compiling module CAS__1039
# -- Compiling module CAS__104
# -- Compiling module CAS__1040
# -- Compiling module CAS__1041
# -- Compiling module CAS__1042
# -- Compiling module CAS__1043
# -- Compiling module CAS__1044
# -- Compiling module CAS__1045
# -- Compiling module CAS__1046
# -- Compiling module CAS__1047
# -- Compiling module CAS__1048
# -- Compiling module CAS__1049
# -- Compiling module CAS__105
# -- Compiling module CAS__1050
# -- Compiling module CAS__1051
# -- Compiling module CAS__1052
# -- Compiling module CAS__1053
# -- Compiling module CAS__1054
# -- Compiling module CAS__1055
# -- Compiling module CAS__1056
# -- Compiling module CAS__1057
# -- Compiling module CAS__1058
# -- Compiling module CAS__1059
# -- Compiling module CAS__106
# -- Compiling module CAS__1060
# -- Compiling module CAS__1061
# -- Compiling module CAS__1062
# -- Compiling module CAS__1063
# -- Compiling module CAS__1064
# -- Compiling module CAS__1065
# -- Compiling module CAS__1066
# -- Compiling module CAS__1067
# -- Compiling module CAS__1068
# -- Compiling module CAS__1069
# -- Compiling module CAS__107
# -- Compiling module CAS__1070
# -- Compiling module CAS__1071
# -- Compiling module CAS__1072
# -- Compiling module CAS__1073
# -- Compiling module CAS__1074
# -- Compiling module CAS__1075
# -- Compiling module CAS__1076
# -- Compiling module CAS__1077
# -- Compiling module CAS__1078
# -- Compiling module CAS__1079
# -- Compiling module CAS__108
# -- Compiling module CAS__1080
# -- Compiling module CAS__1081
# -- Compiling module CAS__1082
# -- Compiling module CAS__1083
# -- Compiling module CAS__1084
# -- Compiling module CAS__1085
# -- Compiling module CAS__1086
# -- Compiling module CAS__1087
# -- Compiling module CAS__1088
# -- Compiling module CAS__1089
# -- Compiling module CAS__109
# -- Compiling module CAS__1090
# -- Compiling module CAS__1091
# -- Compiling module CAS__1092
# -- Compiling module CAS__1093
# -- Compiling module CAS__1094
# -- Compiling module CAS__1095
# -- Compiling module CAS__1096
# -- Compiling module CAS__1097
# -- Compiling module CAS__1098
# -- Compiling module CAS__1099
# -- Compiling module CAS__11
# -- Compiling module CAS__110
# -- Compiling module CAS__1100
# -- Compiling module CAS__1101
# -- Compiling module CAS__1102
# -- Compiling module CAS__1103
# -- Compiling module CAS__1104
# -- Compiling module CAS__1105
# -- Compiling module CAS__1106
# -- Compiling module CAS__1107
# -- Compiling module CAS__1108
# -- Compiling module CAS__1109
# -- Compiling module CAS__111
# -- Compiling module CAS__1110
# -- Compiling module CAS__1111
# -- Compiling module CAS__1112
# -- Compiling module CAS__1113
# -- Compiling module CAS__1114
# -- Compiling module CAS__1115
# -- Compiling module CAS__1116
# -- Compiling module CAS__1117
# -- Compiling module CAS__1118
# -- Compiling module CAS__1119
# -- Compiling module CAS__112
# -- Compiling module CAS__1120
# -- Compiling module CAS__1121
# -- Compiling module CAS__113
# -- Compiling module CAS__114
# -- Compiling module CAS__115
# -- Compiling module CAS__116
# -- Compiling module CAS__117
# -- Compiling module CAS__118
# -- Compiling module CAS__119
# -- Compiling module CAS__12
# -- Compiling module CAS__120
# -- Compiling module CAS__121
# -- Compiling module CAS__122
# -- Compiling module CAS__123
# -- Compiling module CAS__124
# -- Compiling module CAS__125
# -- Compiling module CAS__126
# -- Compiling module CAS__127
# -- Compiling module CAS__128
# -- Compiling module CAS__129
# -- Compiling module CAS__13
# -- Compiling module CAS__130
# -- Compiling module CAS__131
# -- Compiling module CAS__132
# -- Compiling module CAS__133
# -- Compiling module CAS__134
# -- Compiling module CAS__135
# -- Compiling module CAS__136
# -- Compiling module CAS__137
# -- Compiling module CAS__138
# -- Compiling module CAS__139
# -- Compiling module CAS__14
# -- Compiling module CAS__140
# -- Compiling module CAS__141
# -- Compiling module CAS__142
# -- Compiling module CAS__143
# -- Compiling module CAS__144
# -- Compiling module CAS__145
# -- Compiling module CAS__146
# -- Compiling module CAS__147
# -- Compiling module CAS__148
# -- Compiling module CAS__149
# -- Compiling module CAS__15
# -- Compiling module CAS__150
# -- Compiling module CAS__151
# -- Compiling module CAS__152
# -- Compiling module CAS__153
# -- Compiling module CAS__154
# -- Compiling module CAS__155
# -- Compiling module CAS__156
# -- Compiling module CAS__157
# -- Compiling module CAS__158
# -- Compiling module CAS__159
# -- Compiling module CAS__16
# -- Compiling module CAS__160
# -- Compiling module CAS__161
# -- Compiling module CAS__162
# -- Compiling module CAS__163
# -- Compiling module CAS__164
# -- Compiling module CAS__165
# -- Compiling module CAS__166
# -- Compiling module CAS__167
# -- Compiling module CAS__168
# -- Compiling module CAS__169
# -- Compiling module CAS__17
# -- Compiling module CAS__170
# -- Compiling module CAS__171
# -- Compiling module CAS__172
# -- Compiling module CAS__173
# -- Compiling module CAS__174
# -- Compiling module CAS__175
# -- Compiling module CAS__176
# -- Compiling module CAS__177
# -- Compiling module CAS__178
# -- Compiling module CAS__179
# -- Compiling module CAS__18
# -- Compiling module CAS__180
# -- Compiling module CAS__181
# -- Compiling module CAS__182
# -- Compiling module CAS__183
# -- Compiling module CAS__184
# -- Compiling module CAS__185
# -- Compiling module CAS__186
# -- Compiling module CAS__187
# -- Compiling module CAS__188
# -- Compiling module CAS__189
# -- Compiling module CAS__19
# -- Compiling module CAS__190
# -- Compiling module CAS__191
# -- Compiling module CAS__192
# -- Compiling module CAS__193
# -- Compiling module CAS__194
# -- Compiling module CAS__195
# -- Compiling module CAS__196
# -- Compiling module CAS__197
# -- Compiling module CAS__198
# -- Compiling module CAS__199
# -- Compiling module CAS__2
# -- Compiling module CAS__20
# -- Compiling module CAS__200
# -- Compiling module CAS__201
# -- Compiling module CAS__202
# -- Compiling module CAS__203
# -- Compiling module CAS__204
# -- Compiling module CAS__205
# -- Compiling module CAS__206
# -- Compiling module CAS__207
# -- Compiling module CAS__208
# -- Compiling module CAS__209
# -- Compiling module CAS__21
# -- Compiling module CAS__210
# -- Compiling module CAS__211
# -- Compiling module CAS__212
# -- Compiling module CAS__213
# -- Compiling module CAS__214
# -- Compiling module CAS__215
# -- Compiling module CAS__216
# -- Compiling module CAS__217
# -- Compiling module CAS__218
# -- Compiling module CAS__219
# -- Compiling module CAS__22
# -- Compiling module CAS__220
# -- Compiling module CAS__221
# -- Compiling module CAS__222
# -- Compiling module CAS__223
# -- Compiling module CAS__224
# -- Compiling module CAS__225
# -- Compiling module CAS__226
# -- Compiling module CAS__227
# -- Compiling module CAS__228
# -- Compiling module CAS__229
# -- Compiling module CAS__23
# -- Compiling module CAS__230
# -- Compiling module CAS__231
# -- Compiling module CAS__232
# -- Compiling module CAS__233
# -- Compiling module CAS__234
# -- Compiling module CAS__235
# -- Compiling module CAS__236
# -- Compiling module CAS__237
# -- Compiling module CAS__238
# -- Compiling module CAS__239
# -- Compiling module CAS__24
# -- Compiling module CAS__240
# -- Compiling module CAS__241
# -- Compiling module CAS__242
# -- Compiling module CAS__243
# -- Compiling module CAS__244
# -- Compiling module CAS__245
# -- Compiling module CAS__246
# -- Compiling module CAS__247
# -- Compiling module CAS__248
# -- Compiling module CAS__249
# -- Compiling module CAS__25
# -- Compiling module CAS__250
# -- Compiling module CAS__251
# -- Compiling module CAS__252
# -- Compiling module CAS__253
# -- Compiling module CAS__254
# -- Compiling module CAS__255
# -- Compiling module CAS__256
# -- Compiling module CAS__257
# -- Compiling module CAS__258
# -- Compiling module CAS__259
# -- Compiling module CAS__26
# -- Compiling module CAS__260
# -- Compiling module CAS__261
# -- Compiling module CAS__262
# -- Compiling module CAS__263
# -- Compiling module CAS__264
# -- Compiling module CAS__265
# -- Compiling module CAS__266
# -- Compiling module CAS__267
# -- Compiling module CAS__268
# -- Compiling module CAS__269
# -- Compiling module CAS__27
# -- Compiling module CAS__270
# -- Compiling module CAS__271
# -- Compiling module CAS__272
# -- Compiling module CAS__273
# -- Compiling module CAS__274
# -- Compiling module CAS__275
# -- Compiling module CAS__276
# -- Compiling module CAS__277
# -- Compiling module CAS__278
# -- Compiling module CAS__279
# -- Compiling module CAS__28
# -- Compiling module CAS__280
# -- Compiling module CAS__281
# -- Compiling module CAS__282
# -- Compiling module CAS__283
# -- Compiling module CAS__284
# -- Compiling module CAS__285
# -- Compiling module CAS__286
# -- Compiling module CAS__287
# -- Compiling module CAS__288
# -- Compiling module CAS__289
# -- Compiling module CAS__29
# -- Compiling module CAS__290
# -- Compiling module CAS__291
# -- Compiling module CAS__292
# -- Compiling module CAS__293
# -- Compiling module CAS__294
# -- Compiling module CAS__295
# -- Compiling module CAS__296
# -- Compiling module CAS__297
# -- Compiling module CAS__298
# -- Compiling module CAS__299
# -- Compiling module CAS__3
# -- Compiling module CAS__30
# -- Compiling module CAS__300
# -- Compiling module CAS__301
# -- Compiling module CAS__302
# -- Compiling module CAS__303
# -- Compiling module CAS__304
# -- Compiling module CAS__305
# -- Compiling module CAS__306
# -- Compiling module CAS__307
# -- Compiling module CAS__308
# -- Compiling module CAS__309
# -- Compiling module CAS__31
# -- Compiling module CAS__310
# -- Compiling module CAS__311
# -- Compiling module CAS__312
# -- Compiling module CAS__313
# -- Compiling module CAS__314
# -- Compiling module CAS__315
# -- Compiling module CAS__316
# -- Compiling module CAS__317
# -- Compiling module CAS__318
# -- Compiling module CAS__319
# -- Compiling module CAS__32
# -- Compiling module CAS__320
# -- Compiling module CAS__321
# -- Compiling module CAS__322
# -- Compiling module CAS__323
# -- Compiling module CAS__324
# -- Compiling module CAS__325
# -- Compiling module CAS__326
# -- Compiling module CAS__327
# -- Compiling module CAS__328
# -- Compiling module CAS__329
# -- Compiling module CAS__33
# -- Compiling module CAS__330
# -- Compiling module CAS__331
# -- Compiling module CAS__332
# -- Compiling module CAS__333
# -- Compiling module CAS__334
# -- Compiling module CAS__335
# -- Compiling module CAS__336
# -- Compiling module CAS__337
# -- Compiling module CAS__338
# -- Compiling module CAS__339
# -- Compiling module CAS__34
# -- Compiling module CAS__340
# -- Compiling module CAS__341
# -- Compiling module CAS__342
# -- Compiling module CAS__343
# -- Compiling module CAS__344
# -- Compiling module CAS__345
# -- Compiling module CAS__346
# -- Compiling module CAS__347
# -- Compiling module CAS__348
# -- Compiling module CAS__349
# -- Compiling module CAS__35
# -- Compiling module CAS__350
# -- Compiling module CAS__351
# -- Compiling module CAS__352
# -- Compiling module CAS__353
# -- Compiling module CAS__354
# -- Compiling module CAS__355
# -- Compiling module CAS__356
# -- Compiling module CAS__357
# -- Compiling module CAS__358
# -- Compiling module CAS__359
# -- Compiling module CAS__36
# -- Compiling module CAS__360
# -- Compiling module CAS__361
# -- Compiling module CAS__362
# -- Compiling module CAS__363
# -- Compiling module CAS__364
# -- Compiling module CAS__365
# -- Compiling module CAS__366
# -- Compiling module CAS__367
# -- Compiling module CAS__368
# -- Compiling module CAS__369
# -- Compiling module CAS__37
# -- Compiling module CAS__370
# -- Compiling module CAS__371
# -- Compiling module CAS__372
# -- Compiling module CAS__373
# -- Compiling module CAS__374
# -- Compiling module CAS__375
# -- Compiling module CAS__376
# -- Compiling module CAS__377
# -- Compiling module CAS__378
# -- Compiling module CAS__379
# -- Compiling module CAS__38
# -- Compiling module CAS__380
# -- Compiling module CAS__381
# -- Compiling module CAS__382
# -- Compiling module CAS__383
# -- Compiling module CAS__384
# -- Compiling module CAS__385
# -- Compiling module CAS__386
# -- Compiling module CAS__387
# -- Compiling module CAS__388
# -- Compiling module CAS__389
# -- Compiling module CAS__39
# -- Compiling module CAS__390
# -- Compiling module CAS__391
# -- Compiling module CAS__392
# -- Compiling module CAS__393
# -- Compiling module CAS__394
# -- Compiling module CAS__395
# -- Compiling module CAS__396
# -- Compiling module CAS__397
# -- Compiling module CAS__398
# -- Compiling module CAS__399
# -- Compiling module CAS__4
# -- Compiling module CAS__40
# -- Compiling module CAS__400
# -- Compiling module CAS__401
# -- Compiling module CAS__402
# -- Compiling module CAS__403
# -- Compiling module CAS__404
# -- Compiling module CAS__405
# -- Compiling module CAS__406
# -- Compiling module CAS__407
# -- Compiling module CAS__408
# -- Compiling module CAS__409
# -- Compiling module CAS__41
# -- Compiling module CAS__410
# -- Compiling module CAS__411
# -- Compiling module CAS__412
# -- Compiling module CAS__413
# -- Compiling module CAS__414
# -- Compiling module CAS__415
# -- Compiling module CAS__416
# -- Compiling module CAS__417
# -- Compiling module CAS__418
# -- Compiling module CAS__419
# -- Compiling module CAS__42
# -- Compiling module CAS__420
# -- Compiling module CAS__421
# -- Compiling module CAS__422
# -- Compiling module CAS__423
# -- Compiling module CAS__424
# -- Compiling module CAS__425
# -- Compiling module CAS__426
# -- Compiling module CAS__427
# -- Compiling module CAS__428
# -- Compiling module CAS__429
# -- Compiling module CAS__43
# -- Compiling module CAS__430
# -- Compiling module CAS__431
# -- Compiling module CAS__432
# -- Compiling module CAS__433
# -- Compiling module CAS__434
# -- Compiling module CAS__435
# -- Compiling module CAS__436
# -- Compiling module CAS__437
# -- Compiling module CAS__438
# -- Compiling module CAS__439
# -- Compiling module CAS__44
# -- Compiling module CAS__440
# -- Compiling module CAS__441
# -- Compiling module CAS__442
# -- Compiling module CAS__443
# -- Compiling module CAS__444
# -- Compiling module CAS__445
# -- Compiling module CAS__446
# -- Compiling module CAS__447
# -- Compiling module CAS__448
# -- Compiling module CAS__449
# -- Compiling module CAS__45
# -- Compiling module CAS__450
# -- Compiling module CAS__451
# -- Compiling module CAS__452
# -- Compiling module CAS__453
# -- Compiling module CAS__454
# -- Compiling module CAS__455
# -- Compiling module CAS__456
# -- Compiling module CAS__457
# -- Compiling module CAS__458
# -- Compiling module CAS__459
# -- Compiling module CAS__46
# -- Compiling module CAS__460
# -- Compiling module CAS__461
# -- Compiling module CAS__462
# -- Compiling module CAS__463
# -- Compiling module CAS__464
# -- Compiling module CAS__465
# -- Compiling module CAS__466
# -- Compiling module CAS__467
# -- Compiling module CAS__468
# -- Compiling module CAS__469
# -- Compiling module CAS__47
# -- Compiling module CAS__470
# -- Compiling module CAS__471
# -- Compiling module CAS__472
# -- Compiling module CAS__473
# -- Compiling module CAS__474
# -- Compiling module CAS__475
# -- Compiling module CAS__476
# -- Compiling module CAS__477
# -- Compiling module CAS__478
# -- Compiling module CAS__479
# -- Compiling module CAS__48
# -- Compiling module CAS__480
# -- Compiling module CAS__481
# -- Compiling module CAS__482
# -- Compiling module CAS__483
# -- Compiling module CAS__484
# -- Compiling module CAS__485
# -- Compiling module CAS__486
# -- Compiling module CAS__487
# -- Compiling module CAS__488
# -- Compiling module CAS__489
# -- Compiling module CAS__49
# -- Compiling module CAS__490
# -- Compiling module CAS__491
# -- Compiling module CAS__492
# -- Compiling module CAS__493
# -- Compiling module CAS__494
# -- Compiling module CAS__495
# -- Compiling module CAS__496
# -- Compiling module CAS__497
# -- Compiling module CAS__498
# -- Compiling module CAS__499
# -- Compiling module CAS__5
# -- Compiling module CAS__50
# -- Compiling module CAS__500
# -- Compiling module CAS__501
# -- Compiling module CAS__502
# -- Compiling module CAS__503
# -- Compiling module CAS__504
# -- Compiling module CAS__505
# -- Compiling module CAS__506
# -- Compiling module CAS__507
# -- Compiling module CAS__508
# -- Compiling module CAS__509
# -- Compiling module CAS__51
# -- Compiling module CAS__510
# -- Compiling module CAS__511
# -- Compiling module CAS__512
# -- Compiling module CAS__513
# -- Compiling module CAS__514
# -- Compiling module CAS__515
# -- Compiling module CAS__516
# -- Compiling module CAS__517
# -- Compiling module CAS__518
# -- Compiling module CAS__519
# -- Compiling module CAS__52
# -- Compiling module CAS__520
# -- Compiling module CAS__521
# -- Compiling module CAS__522
# -- Compiling module CAS__523
# -- Compiling module CAS__524
# -- Compiling module CAS__525
# -- Compiling module CAS__526
# -- Compiling module CAS__527
# -- Compiling module CAS__528
# -- Compiling module CAS__529
# -- Compiling module CAS__53
# -- Compiling module CAS__530
# -- Compiling module CAS__531
# -- Compiling module CAS__532
# -- Compiling module CAS__533
# -- Compiling module CAS__534
# -- Compiling module CAS__535
# -- Compiling module CAS__536
# -- Compiling module CAS__537
# -- Compiling module CAS__538
# -- Compiling module CAS__539
# -- Compiling module CAS__54
# -- Compiling module CAS__540
# -- Compiling module CAS__541
# -- Compiling module CAS__542
# -- Compiling module CAS__543
# -- Compiling module CAS__544
# -- Compiling module CAS__545
# -- Compiling module CAS__546
# -- Compiling module CAS__547
# -- Compiling module CAS__548
# -- Compiling module CAS__549
# -- Compiling module CAS__55
# -- Compiling module CAS__550
# -- Compiling module CAS__551
# -- Compiling module CAS__552
# -- Compiling module CAS__553
# -- Compiling module CAS__554
# -- Compiling module CAS__555
# -- Compiling module CAS__556
# -- Compiling module CAS__557
# -- Compiling module CAS__558
# -- Compiling module CAS__559
# -- Compiling module CAS__56
# -- Compiling module CAS__560
# -- Compiling module CAS__561
# -- Compiling module CAS__562
# -- Compiling module CAS__563
# -- Compiling module CAS__564
# -- Compiling module CAS__565
# -- Compiling module CAS__566
# -- Compiling module CAS__567
# -- Compiling module CAS__568
# -- Compiling module CAS__569
# -- Compiling module CAS__57
# -- Compiling module CAS__570
# -- Compiling module CAS__571
# -- Compiling module CAS__572
# -- Compiling module CAS__573
# -- Compiling module CAS__574
# -- Compiling module CAS__575
# -- Compiling module CAS__576
# -- Compiling module CAS__577
# -- Compiling module CAS__578
# -- Compiling module CAS__579
# -- Compiling module CAS__58
# -- Compiling module CAS__580
# -- Compiling module CAS__581
# -- Compiling module CAS__582
# -- Compiling module CAS__583
# -- Compiling module CAS__584
# -- Compiling module CAS__585
# -- Compiling module CAS__586
# -- Compiling module CAS__587
# -- Compiling module CAS__588
# -- Compiling module CAS__589
# -- Compiling module CAS__59
# -- Compiling module CAS__590
# -- Compiling module CAS__591
# -- Compiling module CAS__592
# -- Compiling module CAS__593
# -- Compiling module CAS__594
# -- Compiling module CAS__595
# -- Compiling module CAS__596
# -- Compiling module CAS__597
# -- Compiling module CAS__598
# -- Compiling module CAS__599
# -- Compiling module CAS__6
# -- Compiling module CAS__60
# -- Compiling module CAS__600
# -- Compiling module CAS__601
# -- Compiling module CAS__602
# -- Compiling module CAS__603
# -- Compiling module CAS__604
# -- Compiling module CAS__605
# -- Compiling module CAS__606
# -- Compiling module CAS__607
# -- Compiling module CAS__608
# -- Compiling module CAS__609
# -- Compiling module CAS__61
# -- Compiling module CAS__610
# -- Compiling module CAS__611
# -- Compiling module CAS__612
# -- Compiling module CAS__613
# -- Compiling module CAS__614
# -- Compiling module CAS__615
# -- Compiling module CAS__616
# -- Compiling module CAS__617
# -- Compiling module CAS__618
# -- Compiling module CAS__619
# -- Compiling module CAS__62
# -- Compiling module CAS__620
# -- Compiling module CAS__621
# -- Compiling module CAS__622
# -- Compiling module CAS__623
# -- Compiling module CAS__624
# -- Compiling module CAS__625
# -- Compiling module CAS__626
# -- Compiling module CAS__627
# -- Compiling module CAS__628
# -- Compiling module CAS__629
# -- Compiling module CAS__63
# -- Compiling module CAS__630
# -- Compiling module CAS__631
# -- Compiling module CAS__632
# -- Compiling module CAS__633
# -- Compiling module CAS__634
# -- Compiling module CAS__635
# -- Compiling module CAS__636
# -- Compiling module CAS__637
# -- Compiling module CAS__638
# -- Compiling module CAS__639
# -- Compiling module CAS__64
# -- Compiling module CAS__640
# -- Compiling module CAS__641
# -- Compiling module CAS__642
# -- Compiling module CAS__643
# -- Compiling module CAS__644
# -- Compiling module CAS__645
# -- Compiling module CAS__646
# -- Compiling module CAS__647
# -- Compiling module CAS__648
# -- Compiling module CAS__649
# -- Compiling module CAS__65
# -- Compiling module CAS__650
# -- Compiling module CAS__651
# -- Compiling module CAS__652
# -- Compiling module CAS__653
# -- Compiling module CAS__654
# -- Compiling module CAS__655
# -- Compiling module CAS__656
# -- Compiling module CAS__657
# -- Compiling module CAS__658
# -- Compiling module CAS__659
# -- Compiling module CAS__66
# -- Compiling module CAS__660
# -- Compiling module CAS__661
# -- Compiling module CAS__662
# -- Compiling module CAS__663
# -- Compiling module CAS__664
# -- Compiling module CAS__665
# -- Compiling module CAS__666
# -- Compiling module CAS__667
# -- Compiling module CAS__668
# -- Compiling module CAS__669
# -- Compiling module CAS__67
# -- Compiling module CAS__670
# -- Compiling module CAS__671
# -- Compiling module CAS__672
# -- Compiling module CAS__673
# -- Compiling module CAS__674
# -- Compiling module CAS__675
# -- Compiling module CAS__676
# -- Compiling module CAS__677
# -- Compiling module CAS__678
# -- Compiling module CAS__679
# -- Compiling module CAS__68
# -- Compiling module CAS__680
# -- Compiling module CAS__681
# -- Compiling module CAS__682
# -- Compiling module CAS__683
# -- Compiling module CAS__684
# -- Compiling module CAS__685
# -- Compiling module CAS__686
# -- Compiling module CAS__687
# -- Compiling module CAS__688
# -- Compiling module CAS__689
# -- Compiling module CAS__69
# -- Compiling module CAS__690
# -- Compiling module CAS__691
# -- Compiling module CAS__692
# -- Compiling module CAS__693
# -- Compiling module CAS__694
# -- Compiling module CAS__695
# -- Compiling module CAS__696
# -- Compiling module CAS__697
# -- Compiling module CAS__698
# -- Compiling module CAS__699
# -- Compiling module CAS__7
# -- Compiling module CAS__70
# -- Compiling module CAS__700
# -- Compiling module CAS__701
# -- Compiling module CAS__702
# -- Compiling module CAS__703
# -- Compiling module CAS__704
# -- Compiling module CAS__705
# -- Compiling module CAS__706
# -- Compiling module CAS__707
# -- Compiling module CAS__708
# -- Compiling module CAS__709
# -- Compiling module CAS__71
# -- Compiling module CAS__710
# -- Compiling module CAS__711
# -- Compiling module CAS__712
# -- Compiling module CAS__713
# -- Compiling module CAS__714
# -- Compiling module CAS__715
# -- Compiling module CAS__716
# -- Compiling module CAS__717
# -- Compiling module CAS__718
# -- Compiling module CAS__719
# -- Compiling module CAS__72
# -- Compiling module CAS__720
# -- Compiling module CAS__721
# -- Compiling module CAS__722
# -- Compiling module CAS__723
# -- Compiling module CAS__724
# -- Compiling module CAS__725
# -- Compiling module CAS__726
# -- Compiling module CAS__727
# -- Compiling module CAS__728
# -- Compiling module CAS__729
# -- Compiling module CAS__73
# -- Compiling module CAS__730
# -- Compiling module CAS__731
# -- Compiling module CAS__732
# -- Compiling module CAS__733
# -- Compiling module CAS__734
# -- Compiling module CAS__735
# -- Compiling module CAS__736
# -- Compiling module CAS__737
# -- Compiling module CAS__738
# -- Compiling module CAS__739
# -- Compiling module CAS__74
# -- Compiling module CAS__740
# -- Compiling module CAS__741
# -- Compiling module CAS__742
# -- Compiling module CAS__743
# -- Compiling module CAS__744
# -- Compiling module CAS__745
# -- Compiling module CAS__746
# -- Compiling module CAS__747
# -- Compiling module CAS__748
# -- Compiling module CAS__749
# -- Compiling module CAS__75
# -- Compiling module CAS__750
# -- Compiling module CAS__751
# -- Compiling module CAS__752
# -- Compiling module CAS__753
# -- Compiling module CAS__754
# -- Compiling module CAS__755
# -- Compiling module CAS__756
# -- Compiling module CAS__757
# -- Compiling module CAS__758
# -- Compiling module CAS__759
# -- Compiling module CAS__76
# -- Compiling module CAS__760
# -- Compiling module CAS__761
# -- Compiling module CAS__762
# -- Compiling module CAS__763
# -- Compiling module CAS__764
# -- Compiling module CAS__765
# -- Compiling module CAS__766
# -- Compiling module CAS__767
# -- Compiling module CAS__768
# -- Compiling module CAS__769
# -- Compiling module CAS__77
# -- Compiling module CAS__770
# -- Compiling module CAS__771
# -- Compiling module CAS__772
# -- Compiling module CAS__773
# -- Compiling module CAS__774
# -- Compiling module CAS__775
# -- Compiling module CAS__776
# -- Compiling module CAS__777
# -- Compiling module CAS__778
# -- Compiling module CAS__779
# -- Compiling module CAS__78
# -- Compiling module CAS__780
# -- Compiling module CAS__781
# -- Compiling module CAS__782
# -- Compiling module CAS__783
# -- Compiling module CAS__784
# -- Compiling module CAS__785
# -- Compiling module CAS__786
# -- Compiling module CAS__787
# -- Compiling module CAS__788
# -- Compiling module CAS__789
# -- Compiling module CAS__79
# -- Compiling module CAS__790
# -- Compiling module CAS__791
# -- Compiling module CAS__792
# -- Compiling module CAS__793
# -- Compiling module CAS__794
# -- Compiling module CAS__795
# -- Compiling module CAS__796
# -- Compiling module CAS__797
# -- Compiling module CAS__798
# -- Compiling module CAS__799
# -- Compiling module CAS__8
# -- Compiling module CAS__80
# -- Compiling module CAS__800
# -- Compiling module CAS__801
# -- Compiling module CAS__802
# -- Compiling module CAS__803
# -- Compiling module CAS__804
# -- Compiling module CAS__805
# -- Compiling module CAS__806
# -- Compiling module CAS__807
# -- Compiling module CAS__808
# -- Compiling module CAS__809
# -- Compiling module CAS__81
# -- Compiling module CAS__810
# -- Compiling module CAS__811
# -- Compiling module CAS__812
# -- Compiling module CAS__813
# -- Compiling module CAS__814
# -- Compiling module CAS__815
# -- Compiling module CAS__816
# -- Compiling module CAS__817
# -- Compiling module CAS__818
# -- Compiling module CAS__819
# -- Compiling module CAS__82
# -- Compiling module CAS__820
# -- Compiling module CAS__821
# -- Compiling module CAS__822
# -- Compiling module CAS__823
# -- Compiling module CAS__824
# -- Compiling module CAS__825
# -- Compiling module CAS__826
# -- Compiling module CAS__827
# -- Compiling module CAS__828
# -- Compiling module CAS__829
# -- Compiling module CAS__83
# -- Compiling module CAS__830
# -- Compiling module CAS__831
# -- Compiling module CAS__832
# -- Compiling module CAS__833
# -- Compiling module CAS__834
# -- Compiling module CAS__835
# -- Compiling module CAS__836
# -- Compiling module CAS__837
# -- Compiling module CAS__838
# -- Compiling module CAS__839
# -- Compiling module CAS__84
# -- Compiling module CAS__840
# -- Compiling module CAS__841
# -- Compiling module CAS__842
# -- Compiling module CAS__843
# -- Compiling module CAS__844
# -- Compiling module CAS__845
# -- Compiling module CAS__846
# -- Compiling module CAS__847
# -- Compiling module CAS__848
# -- Compiling module CAS__849
# -- Compiling module CAS__85
# -- Compiling module CAS__850
# -- Compiling module CAS__851
# -- Compiling module CAS__852
# -- Compiling module CAS__853
# -- Compiling module CAS__854
# -- Compiling module CAS__855
# -- Compiling module CAS__856
# -- Compiling module CAS__857
# -- Compiling module CAS__858
# -- Compiling module CAS__859
# -- Compiling module CAS__86
# -- Compiling module CAS__860
# -- Compiling module CAS__861
# -- Compiling module CAS__862
# -- Compiling module CAS__863
# -- Compiling module CAS__864
# -- Compiling module CAS__865
# -- Compiling module CAS__866
# -- Compiling module CAS__867
# -- Compiling module CAS__868
# -- Compiling module CAS__869
# -- Compiling module CAS__87
# -- Compiling module CAS__870
# -- Compiling module CAS__871
# -- Compiling module CAS__872
# -- Compiling module CAS__873
# -- Compiling module CAS__874
# -- Compiling module CAS__875
# -- Compiling module CAS__876
# -- Compiling module CAS__877
# -- Compiling module CAS__878
# -- Compiling module CAS__879
# -- Compiling module CAS__88
# -- Compiling module CAS__880
# -- Compiling module CAS__881
# -- Compiling module CAS__882
# -- Compiling module CAS__883
# -- Compiling module CAS__884
# -- Compiling module CAS__885
# -- Compiling module CAS__886
# -- Compiling module CAS__887
# -- Compiling module CAS__888
# -- Compiling module CAS__889
# -- Compiling module CAS__89
# -- Compiling module CAS__890
# -- Compiling module CAS__891
# -- Compiling module CAS__892
# -- Compiling module CAS__893
# -- Compiling module CAS__894
# -- Compiling module CAS__895
# -- Compiling module CAS__896
# -- Compiling module CAS__897
# -- Compiling module CAS__898
# -- Compiling module CAS__899
# -- Compiling module CAS__9
# -- Compiling module CAS__90
# -- Compiling module CAS__900
# -- Compiling module CAS__901
# -- Compiling module CAS__902
# -- Compiling module CAS__903
# -- Compiling module CAS__904
# -- Compiling module CAS__905
# -- Compiling module CAS__906
# -- Compiling module CAS__907
# -- Compiling module CAS__908
# -- Compiling module CAS__909
# -- Compiling module CAS__91
# -- Compiling module CAS__910
# -- Compiling module CAS__911
# -- Compiling module CAS__912
# -- Compiling module CAS__913
# -- Compiling module CAS__914
# -- Compiling module CAS__915
# -- Compiling module CAS__916
# -- Compiling module CAS__917
# -- Compiling module CAS__918
# -- Compiling module CAS__919
# -- Compiling module CAS__92
# -- Compiling module CAS__920
# -- Compiling module CAS__921
# -- Compiling module CAS__922
# -- Compiling module CAS__923
# -- Compiling module CAS__924
# -- Compiling module CAS__925
# -- Compiling module CAS__926
# -- Compiling module CAS__927
# -- Compiling module CAS__928
# -- Compiling module CAS__929
# -- Compiling module CAS__93
# -- Compiling module CAS__930
# -- Compiling module CAS__931
# -- Compiling module CAS__932
# -- Compiling module CAS__933
# -- Compiling module CAS__934
# -- Compiling module CAS__935
# -- Compiling module CAS__936
# -- Compiling module CAS__937
# -- Compiling module CAS__938
# -- Compiling module CAS__939
# -- Compiling module CAS__94
# -- Compiling module CAS__940
# -- Compiling module CAS__941
# -- Compiling module CAS__942
# -- Compiling module CAS__943
# -- Compiling module CAS__944
# -- Compiling module CAS__945
# -- Compiling module CAS__946
# -- Compiling module CAS__947
# -- Compiling module CAS__948
# -- Compiling module CAS__949
# -- Compiling module CAS__95
# -- Compiling module CAS__950
# -- Compiling module CAS__951
# -- Compiling module CAS__952
# -- Compiling module CAS__953
# -- Compiling module CAS__954
# -- Compiling module CAS__955
# -- Compiling module CAS__956
# -- Compiling module CAS__957
# -- Compiling module CAS__958
# -- Compiling module CAS__959
# -- Compiling module CAS__96
# -- Compiling module CAS__960
# -- Compiling module CAS__961
# -- Compiling module CAS__962
# -- Compiling module CAS__963
# -- Compiling module CAS__964
# -- Compiling module CAS__965
# -- Compiling module CAS__966
# -- Compiling module CAS__967
# -- Compiling module CAS__968
# -- Compiling module CAS__969
# -- Compiling module CAS__97
# -- Compiling module CAS__970
# -- Compiling module CAS__971
# -- Compiling module CAS__972
# -- Compiling module CAS__973
# -- Compiling module CAS__974
# -- Compiling module CAS__975
# -- Compiling module CAS__976
# -- Compiling module CAS__977
# -- Compiling module CAS__978
# -- Compiling module CAS__979
# -- Compiling module CAS__98
# -- Compiling module CAS__980
# -- Compiling module CAS__981
# -- Compiling module CAS__982
# -- Compiling module CAS__983
# -- Compiling module CAS__984
# -- Compiling module CAS__985
# -- Compiling module CAS__986
# -- Compiling module CAS__987
# -- Compiling module CAS__988
# -- Compiling module CAS__989
# -- Compiling module CAS__99
# -- Compiling module CAS__990
# -- Compiling module CAS__991
# -- Compiling module CAS__992
# -- Compiling module CAS__993
# -- Compiling module CAS__994
# -- Compiling module CAS__995
# -- Compiling module CAS__996
# -- Compiling module CAS__997
# -- Compiling module CAS__998
# -- Compiling module CAS__999
# -- Compiling module CLZAlgorithm
# -- Compiling module DIV
# -- Compiling module MULT
# -- Compiling module azathoth
# -- Compiling module cpu_div
# -- Compiling module extender
# -- Compiling module extender__1
# -- Compiling module full_adder
# -- Compiling module full_adder__1
# -- Compiling module full_adder__10
# -- Compiling module full_adder__100
# -- Compiling module full_adder__101
# -- Compiling module full_adder__102
# -- Compiling module full_adder__103
# -- Compiling module full_adder__104
# -- Compiling module full_adder__105
# -- Compiling module full_adder__106
# -- Compiling module full_adder__107
# -- Compiling module full_adder__108
# -- Compiling module full_adder__109
# -- Compiling module full_adder__11
# -- Compiling module full_adder__110
# -- Compiling module full_adder__111
# -- Compiling module full_adder__112
# -- Compiling module full_adder__113
# -- Compiling module full_adder__114
# -- Compiling module full_adder__115
# -- Compiling module full_adder__116
# -- Compiling module full_adder__117
# -- Compiling module full_adder__118
# -- Compiling module full_adder__119
# -- Compiling module full_adder__12
# -- Compiling module full_adder__120
# -- Compiling module full_adder__121
# -- Compiling module full_adder__122
# -- Compiling module full_adder__123
# -- Compiling module full_adder__124
# -- Compiling module full_adder__125
# -- Compiling module full_adder__126
# -- Compiling module full_adder__127
# -- Compiling module full_adder__128
# -- Compiling module full_adder__129
# -- Compiling module full_adder__13
# -- Compiling module full_adder__130
# -- Compiling module full_adder__131
# -- Compiling module full_adder__132
# -- Compiling module full_adder__133
# -- Compiling module full_adder__134
# -- Compiling module full_adder__135
# -- Compiling module full_adder__136
# -- Compiling module full_adder__137
# -- Compiling module full_adder__138
# -- Compiling module full_adder__139
# -- Compiling module full_adder__14
# -- Compiling module full_adder__140
# -- Compiling module full_adder__141
# -- Compiling module full_adder__142
# -- Compiling module full_adder__143
# -- Compiling module full_adder__144
# -- Compiling module full_adder__145
# -- Compiling module full_adder__146
# -- Compiling module full_adder__147
# -- Compiling module full_adder__148
# -- Compiling module full_adder__149
# -- Compiling module full_adder__15
# -- Compiling module full_adder__150
# -- Compiling module full_adder__151
# -- Compiling module full_adder__152
# -- Compiling module full_adder__153
# -- Compiling module full_adder__154
# -- Compiling module full_adder__155
# -- Compiling module full_adder__156
# -- Compiling module full_adder__157
# -- Compiling module full_adder__158
# -- Compiling module full_adder__159
# -- Compiling module full_adder__16
# -- Compiling module full_adder__160
# -- Compiling module full_adder__161
# -- Compiling module full_adder__162
# -- Compiling module full_adder__163
# -- Compiling module full_adder__164
# -- Compiling module full_adder__165
# -- Compiling module full_adder__166
# -- Compiling module full_adder__167
# -- Compiling module full_adder__168
# -- Compiling module full_adder__169
# -- Compiling module full_adder__17
# -- Compiling module full_adder__170
# -- Compiling module full_adder__171
# -- Compiling module full_adder__172
# -- Compiling module full_adder__173
# -- Compiling module full_adder__174
# -- Compiling module full_adder__175
# -- Compiling module full_adder__176
# -- Compiling module full_adder__177
# -- Compiling module full_adder__178
# -- Compiling module full_adder__179
# -- Compiling module full_adder__18
# -- Compiling module full_adder__180
# -- Compiling module full_adder__181
# -- Compiling module full_adder__182
# -- Compiling module full_adder__183
# -- Compiling module full_adder__184
# -- Compiling module full_adder__185
# -- Compiling module full_adder__186
# -- Compiling module full_adder__187
# -- Compiling module full_adder__188
# -- Compiling module full_adder__189
# -- Compiling module full_adder__19
# -- Compiling module full_adder__190
# -- Compiling module full_adder__191
# -- Compiling module full_adder__192
# -- Compiling module full_adder__193
# -- Compiling module full_adder__194
# -- Compiling module full_adder__195
# -- Compiling module full_adder__196
# -- Compiling module full_adder__197
# -- Compiling module full_adder__198
# -- Compiling module full_adder__199
# -- Compiling module full_adder__2
# -- Compiling module full_adder__20
# -- Compiling module full_adder__200
# -- Compiling module full_adder__201
# -- Compiling module full_adder__202
# -- Compiling module full_adder__203
# -- Compiling module full_adder__204
# -- Compiling module full_adder__205
# -- Compiling module full_adder__206
# -- Compiling module full_adder__207
# -- Compiling module full_adder__208
# -- Compiling module full_adder__209
# -- Compiling module full_adder__21
# -- Compiling module full_adder__210
# -- Compiling module full_adder__211
# -- Compiling module full_adder__212
# -- Compiling module full_adder__213
# -- Compiling module full_adder__214
# -- Compiling module full_adder__215
# -- Compiling module full_adder__216
# -- Compiling module full_adder__217
# -- Compiling module full_adder__218
# -- Compiling module full_adder__219
# -- Compiling module full_adder__22
# -- Compiling module full_adder__220
# -- Compiling module full_adder__221
# -- Compiling module full_adder__222
# -- Compiling module full_adder__223
# -- Compiling module full_adder__224
# -- Compiling module full_adder__225
# -- Compiling module full_adder__226
# -- Compiling module full_adder__227
# -- Compiling module full_adder__228
# -- Compiling module full_adder__229
# -- Compiling module full_adder__23
# -- Compiling module full_adder__230
# -- Compiling module full_adder__231
# -- Compiling module full_adder__232
# -- Compiling module full_adder__233
# -- Compiling module full_adder__234
# -- Compiling module full_adder__235
# -- Compiling module full_adder__236
# -- Compiling module full_adder__237
# -- Compiling module full_adder__238
# -- Compiling module full_adder__239
# -- Compiling module full_adder__24
# -- Compiling module full_adder__240
# -- Compiling module full_adder__241
# -- Compiling module full_adder__242
# -- Compiling module full_adder__243
# -- Compiling module full_adder__244
# -- Compiling module full_adder__245
# -- Compiling module full_adder__246
# -- Compiling module full_adder__247
# -- Compiling module full_adder__248
# -- Compiling module full_adder__249
# -- Compiling module full_adder__25
# -- Compiling module full_adder__250
# -- Compiling module full_adder__251
# -- Compiling module full_adder__252
# -- Compiling module full_adder__253
# -- Compiling module full_adder__254
# -- Compiling module full_adder__255
# -- Compiling module full_adder__256
# -- Compiling module full_adder__257
# -- Compiling module full_adder__258
# -- Compiling module full_adder__259
# -- Compiling module full_adder__26
# -- Compiling module full_adder__260
# -- Compiling module full_adder__261
# -- Compiling module full_adder__262
# -- Compiling module full_adder__263
# -- Compiling module full_adder__264
# -- Compiling module full_adder__265
# -- Compiling module full_adder__266
# -- Compiling module full_adder__267
# -- Compiling module full_adder__268
# -- Compiling module full_adder__269
# -- Compiling module full_adder__27
# -- Compiling module full_adder__270
# -- Compiling module full_adder__271
# -- Compiling module full_adder__272
# -- Compiling module full_adder__273
# -- Compiling module full_adder__274
# -- Compiling module full_adder__275
# -- Compiling module full_adder__276
# -- Compiling module full_adder__277
# -- Compiling module full_adder__278
# -- Compiling module full_adder__279
# -- Compiling module full_adder__28
# -- Compiling module full_adder__280
# -- Compiling module full_adder__281
# -- Compiling module full_adder__282
# -- Compiling module full_adder__283
# -- Compiling module full_adder__284
# -- Compiling module full_adder__285
# -- Compiling module full_adder__286
# -- Compiling module full_adder__287
# -- Compiling module full_adder__288
# -- Compiling module full_adder__289
# -- Compiling module full_adder__29
# -- Compiling module full_adder__290
# -- Compiling module full_adder__291
# -- Compiling module full_adder__292
# -- Compiling module full_adder__293
# -- Compiling module full_adder__294
# -- Compiling module full_adder__295
# -- Compiling module full_adder__296
# -- Compiling module full_adder__297
# -- Compiling module full_adder__298
# -- Compiling module full_adder__299
# -- Compiling module full_adder__3
# -- Compiling module full_adder__30
# -- Compiling module full_adder__300
# -- Compiling module full_adder__301
# -- Compiling module full_adder__302
# -- Compiling module full_adder__303
# -- Compiling module full_adder__304
# -- Compiling module full_adder__305
# -- Compiling module full_adder__306
# -- Compiling module full_adder__307
# -- Compiling module full_adder__308
# -- Compiling module full_adder__309
# -- Compiling module full_adder__31
# -- Compiling module full_adder__310
# -- Compiling module full_adder__311
# -- Compiling module full_adder__312
# -- Compiling module full_adder__313
# -- Compiling module full_adder__314
# -- Compiling module full_adder__315
# -- Compiling module full_adder__316
# -- Compiling module full_adder__317
# -- Compiling module full_adder__318
# -- Compiling module full_adder__319
# -- Compiling module full_adder__32
# -- Compiling module full_adder__320
# -- Compiling module full_adder__321
# -- Compiling module full_adder__322
# -- Compiling module full_adder__323
# -- Compiling module full_adder__324
# -- Compiling module full_adder__325
# -- Compiling module full_adder__326
# -- Compiling module full_adder__327
# -- Compiling module full_adder__328
# -- Compiling module full_adder__329
# -- Compiling module full_adder__33
# -- Compiling module full_adder__330
# -- Compiling module full_adder__331
# -- Compiling module full_adder__332
# -- Compiling module full_adder__333
# -- Compiling module full_adder__334
# -- Compiling module full_adder__335
# -- Compiling module full_adder__336
# -- Compiling module full_adder__337
# -- Compiling module full_adder__338
# -- Compiling module full_adder__339
# -- Compiling module full_adder__34
# -- Compiling module full_adder__340
# -- Compiling module full_adder__341
# -- Compiling module full_adder__342
# -- Compiling module full_adder__343
# -- Compiling module full_adder__344
# -- Compiling module full_adder__345
# -- Compiling module full_adder__346
# -- Compiling module full_adder__347
# -- Compiling module full_adder__348
# -- Compiling module full_adder__349
# -- Compiling module full_adder__35
# -- Compiling module full_adder__350
# -- Compiling module full_adder__351
# -- Compiling module full_adder__352
# -- Compiling module full_adder__353
# -- Compiling module full_adder__354
# -- Compiling module full_adder__355
# -- Compiling module full_adder__356
# -- Compiling module full_adder__357
# -- Compiling module full_adder__358
# -- Compiling module full_adder__359
# -- Compiling module full_adder__36
# -- Compiling module full_adder__360
# -- Compiling module full_adder__361
# -- Compiling module full_adder__362
# -- Compiling module full_adder__363
# -- Compiling module full_adder__364
# -- Compiling module full_adder__365
# -- Compiling module full_adder__366
# -- Compiling module full_adder__367
# -- Compiling module full_adder__368
# -- Compiling module full_adder__369
# -- Compiling module full_adder__37
# -- Compiling module full_adder__370
# -- Compiling module full_adder__371
# -- Compiling module full_adder__372
# -- Compiling module full_adder__373
# -- Compiling module full_adder__374
# -- Compiling module full_adder__375
# -- Compiling module full_adder__376
# -- Compiling module full_adder__377
# -- Compiling module full_adder__378
# -- Compiling module full_adder__379
# -- Compiling module full_adder__38
# -- Compiling module full_adder__380
# -- Compiling module full_adder__381
# -- Compiling module full_adder__382
# -- Compiling module full_adder__383
# -- Compiling module full_adder__384
# -- Compiling module full_adder__385
# -- Compiling module full_adder__386
# -- Compiling module full_adder__387
# -- Compiling module full_adder__388
# -- Compiling module full_adder__389
# -- Compiling module full_adder__39
# -- Compiling module full_adder__390
# -- Compiling module full_adder__391
# -- Compiling module full_adder__392
# -- Compiling module full_adder__393
# -- Compiling module full_adder__394
# -- Compiling module full_adder__395
# -- Compiling module full_adder__396
# -- Compiling module full_adder__397
# -- Compiling module full_adder__398
# -- Compiling module full_adder__399
# -- Compiling module full_adder__4
# -- Compiling module full_adder__40
# -- Compiling module full_adder__400
# -- Compiling module full_adder__401
# -- Compiling module full_adder__402
# -- Compiling module full_adder__403
# -- Compiling module full_adder__404
# -- Compiling module full_adder__405
# -- Compiling module full_adder__406
# -- Compiling module full_adder__407
# -- Compiling module full_adder__408
# -- Compiling module full_adder__409
# -- Compiling module full_adder__41
# -- Compiling module full_adder__410
# -- Compiling module full_adder__411
# -- Compiling module full_adder__412
# -- Compiling module full_adder__413
# -- Compiling module full_adder__414
# -- Compiling module full_adder__415
# -- Compiling module full_adder__416
# -- Compiling module full_adder__417
# -- Compiling module full_adder__418
# -- Compiling module full_adder__419
# -- Compiling module full_adder__42
# -- Compiling module full_adder__420
# -- Compiling module full_adder__421
# -- Compiling module full_adder__422
# -- Compiling module full_adder__423
# -- Compiling module full_adder__424
# -- Compiling module full_adder__425
# -- Compiling module full_adder__426
# -- Compiling module full_adder__427
# -- Compiling module full_adder__428
# -- Compiling module full_adder__429
# -- Compiling module full_adder__43
# -- Compiling module full_adder__430
# -- Compiling module full_adder__431
# -- Compiling module full_adder__432
# -- Compiling module full_adder__433
# -- Compiling module full_adder__434
# -- Compiling module full_adder__435
# -- Compiling module full_adder__436
# -- Compiling module full_adder__437
# -- Compiling module full_adder__438
# -- Compiling module full_adder__439
# -- Compiling module full_adder__44
# -- Compiling module full_adder__440
# -- Compiling module full_adder__441
# -- Compiling module full_adder__442
# -- Compiling module full_adder__443
# -- Compiling module full_adder__444
# -- Compiling module full_adder__445
# -- Compiling module full_adder__446
# -- Compiling module full_adder__447
# -- Compiling module full_adder__448
# -- Compiling module full_adder__449
# -- Compiling module full_adder__45
# -- Compiling module full_adder__450
# -- Compiling module full_adder__451
# -- Compiling module full_adder__452
# -- Compiling module full_adder__453
# -- Compiling module full_adder__454
# -- Compiling module full_adder__455
# -- Compiling module full_adder__456
# -- Compiling module full_adder__457
# -- Compiling module full_adder__458
# -- Compiling module full_adder__459
# -- Compiling module full_adder__46
# -- Compiling module full_adder__460
# -- Compiling module full_adder__461
# -- Compiling module full_adder__462
# -- Compiling module full_adder__463
# -- Compiling module full_adder__464
# -- Compiling module full_adder__465
# -- Compiling module full_adder__466
# -- Compiling module full_adder__467
# -- Compiling module full_adder__468
# -- Compiling module full_adder__469
# -- Compiling module full_adder__47
# -- Compiling module full_adder__470
# -- Compiling module full_adder__471
# -- Compiling module full_adder__472
# -- Compiling module full_adder__473
# -- Compiling module full_adder__474
# -- Compiling module full_adder__475
# -- Compiling module full_adder__476
# -- Compiling module full_adder__477
# -- Compiling module full_adder__478
# -- Compiling module full_adder__479
# -- Compiling module full_adder__48
# -- Compiling module full_adder__480
# -- Compiling module full_adder__481
# -- Compiling module full_adder__482
# -- Compiling module full_adder__483
# -- Compiling module full_adder__484
# -- Compiling module full_adder__485
# -- Compiling module full_adder__486
# -- Compiling module full_adder__487
# -- Compiling module full_adder__488
# -- Compiling module full_adder__489
# -- Compiling module full_adder__49
# -- Compiling module full_adder__490
# -- Compiling module full_adder__491
# -- Compiling module full_adder__492
# -- Compiling module full_adder__493
# -- Compiling module full_adder__494
# -- Compiling module full_adder__495
# -- Compiling module full_adder__496
# -- Compiling module full_adder__497
# -- Compiling module full_adder__498
# -- Compiling module full_adder__499
# -- Compiling module full_adder__5
# -- Compiling module full_adder__50
# -- Compiling module full_adder__500
# -- Compiling module full_adder__501
# -- Compiling module full_adder__502
# -- Compiling module full_adder__503
# -- Compiling module full_adder__504
# -- Compiling module full_adder__505
# -- Compiling module full_adder__506
# -- Compiling module full_adder__507
# -- Compiling module full_adder__508
# -- Compiling module full_adder__509
# -- Compiling module full_adder__51
# -- Compiling module full_adder__510
# -- Compiling module full_adder__511
# -- Compiling module full_adder__512
# -- Compiling module full_adder__513
# -- Compiling module full_adder__514
# -- Compiling module full_adder__515
# -- Compiling module full_adder__516
# -- Compiling module full_adder__517
# -- Compiling module full_adder__518
# -- Compiling module full_adder__519
# -- Compiling module full_adder__52
# -- Compiling module full_adder__520
# -- Compiling module full_adder__521
# -- Compiling module full_adder__522
# -- Compiling module full_adder__523
# -- Compiling module full_adder__524
# -- Compiling module full_adder__525
# -- Compiling module full_adder__526
# -- Compiling module full_adder__527
# -- Compiling module full_adder__528
# -- Compiling module full_adder__529
# -- Compiling module full_adder__53
# -- Compiling module full_adder__530
# -- Compiling module full_adder__531
# -- Compiling module full_adder__532
# -- Compiling module full_adder__533
# -- Compiling module full_adder__534
# -- Compiling module full_adder__535
# -- Compiling module full_adder__536
# -- Compiling module full_adder__537
# -- Compiling module full_adder__538
# -- Compiling module full_adder__539
# -- Compiling module full_adder__54
# -- Compiling module full_adder__540
# -- Compiling module full_adder__541
# -- Compiling module full_adder__542
# -- Compiling module full_adder__543
# -- Compiling module full_adder__544
# -- Compiling module full_adder__545
# -- Compiling module full_adder__546
# -- Compiling module full_adder__547
# -- Compiling module full_adder__548
# -- Compiling module full_adder__549
# -- Compiling module full_adder__55
# -- Compiling module full_adder__550
# -- Compiling module full_adder__551
# -- Compiling module full_adder__552
# -- Compiling module full_adder__553
# -- Compiling module full_adder__554
# -- Compiling module full_adder__555
# -- Compiling module full_adder__556
# -- Compiling module full_adder__557
# -- Compiling module full_adder__558
# -- Compiling module full_adder__559
# -- Compiling module full_adder__56
# -- Compiling module full_adder__560
# -- Compiling module full_adder__561
# -- Compiling module full_adder__562
# -- Compiling module full_adder__563
# -- Compiling module full_adder__564
# -- Compiling module full_adder__565
# -- Compiling module full_adder__566
# -- Compiling module full_adder__567
# -- Compiling module full_adder__568
# -- Compiling module full_adder__569
# -- Compiling module full_adder__57
# -- Compiling module full_adder__570
# -- Compiling module full_adder__571
# -- Compiling module full_adder__572
# -- Compiling module full_adder__573
# -- Compiling module full_adder__574
# -- Compiling module full_adder__575
# -- Compiling module full_adder__576
# -- Compiling module full_adder__577
# -- Compiling module full_adder__578
# -- Compiling module full_adder__579
# -- Compiling module full_adder__58
# -- Compiling module full_adder__580
# -- Compiling module full_adder__581
# -- Compiling module full_adder__582
# -- Compiling module full_adder__583
# -- Compiling module full_adder__584
# -- Compiling module full_adder__585
# -- Compiling module full_adder__586
# -- Compiling module full_adder__587
# -- Compiling module full_adder__588
# -- Compiling module full_adder__589
# -- Compiling module full_adder__59
# -- Compiling module full_adder__590
# -- Compiling module full_adder__591
# -- Compiling module full_adder__592
# -- Compiling module full_adder__593
# -- Compiling module full_adder__594
# -- Compiling module full_adder__595
# -- Compiling module full_adder__596
# -- Compiling module full_adder__597
# -- Compiling module full_adder__598
# -- Compiling module full_adder__599
# -- Compiling module full_adder__6
# -- Compiling module full_adder__60
# -- Compiling module full_adder__600
# -- Compiling module full_adder__601
# -- Compiling module full_adder__602
# -- Compiling module full_adder__603
# -- Compiling module full_adder__604
# -- Compiling module full_adder__605
# -- Compiling module full_adder__606
# -- Compiling module full_adder__607
# -- Compiling module full_adder__608
# -- Compiling module full_adder__609
# -- Compiling module full_adder__61
# -- Compiling module full_adder__610
# -- Compiling module full_adder__611
# -- Compiling module full_adder__612
# -- Compiling module full_adder__613
# -- Compiling module full_adder__614
# -- Compiling module full_adder__615
# -- Compiling module full_adder__616
# -- Compiling module full_adder__617
# -- Compiling module full_adder__618
# -- Compiling module full_adder__619
# -- Compiling module full_adder__62
# -- Compiling module full_adder__620
# -- Compiling module full_adder__621
# -- Compiling module full_adder__622
# -- Compiling module full_adder__623
# -- Compiling module full_adder__624
# -- Compiling module full_adder__625
# -- Compiling module full_adder__626
# -- Compiling module full_adder__627
# -- Compiling module full_adder__628
# -- Compiling module full_adder__629
# -- Compiling module full_adder__63
# -- Compiling module full_adder__630
# -- Compiling module full_adder__631
# -- Compiling module full_adder__632
# -- Compiling module full_adder__633
# -- Compiling module full_adder__634
# -- Compiling module full_adder__635
# -- Compiling module full_adder__636
# -- Compiling module full_adder__637
# -- Compiling module full_adder__638
# -- Compiling module full_adder__639
# -- Compiling module full_adder__64
# -- Compiling module full_adder__640
# -- Compiling module full_adder__641
# -- Compiling module full_adder__642
# -- Compiling module full_adder__643
# -- Compiling module full_adder__644
# -- Compiling module full_adder__645
# -- Compiling module full_adder__646
# -- Compiling module full_adder__647
# -- Compiling module full_adder__648
# -- Compiling module full_adder__649
# -- Compiling module full_adder__65
# -- Compiling module full_adder__650
# -- Compiling module full_adder__651
# -- Compiling module full_adder__652
# -- Compiling module full_adder__653
# -- Compiling module full_adder__654
# -- Compiling module full_adder__655
# -- Compiling module full_adder__656
# -- Compiling module full_adder__657
# -- Compiling module full_adder__658
# -- Compiling module full_adder__659
# -- Compiling module full_adder__66
# -- Compiling module full_adder__660
# -- Compiling module full_adder__661
# -- Compiling module full_adder__662
# -- Compiling module full_adder__663
# -- Compiling module full_adder__664
# -- Compiling module full_adder__665
# -- Compiling module full_adder__666
# -- Compiling module full_adder__667
# -- Compiling module full_adder__668
# -- Compiling module full_adder__669
# -- Compiling module full_adder__67
# -- Compiling module full_adder__670
# -- Compiling module full_adder__671
# -- Compiling module full_adder__672
# -- Compiling module full_adder__673
# -- Compiling module full_adder__674
# -- Compiling module full_adder__675
# -- Compiling module full_adder__676
# -- Compiling module full_adder__677
# -- Compiling module full_adder__678
# -- Compiling module full_adder__679
# -- Compiling module full_adder__68
# -- Compiling module full_adder__680
# -- Compiling module full_adder__681
# -- Compiling module full_adder__682
# -- Compiling module full_adder__683
# -- Compiling module full_adder__684
# -- Compiling module full_adder__685
# -- Compiling module full_adder__686
# -- Compiling module full_adder__687
# -- Compiling module full_adder__688
# -- Compiling module full_adder__689
# -- Compiling module full_adder__69
# -- Compiling module full_adder__690
# -- Compiling module full_adder__691
# -- Compiling module full_adder__692
# -- Compiling module full_adder__693
# -- Compiling module full_adder__694
# -- Compiling module full_adder__695
# -- Compiling module full_adder__696
# -- Compiling module full_adder__697
# -- Compiling module full_adder__698
# -- Compiling module full_adder__699
# -- Compiling module full_adder__7
# -- Compiling module full_adder__70
# -- Compiling module full_adder__700
# -- Compiling module full_adder__701
# -- Compiling module full_adder__702
# -- Compiling module full_adder__703
# -- Compiling module full_adder__704
# -- Compiling module full_adder__705
# -- Compiling module full_adder__706
# -- Compiling module full_adder__707
# -- Compiling module full_adder__708
# -- Compiling module full_adder__709
# -- Compiling module full_adder__71
# -- Compiling module full_adder__710
# -- Compiling module full_adder__711
# -- Compiling module full_adder__712
# -- Compiling module full_adder__713
# -- Compiling module full_adder__714
# -- Compiling module full_adder__715
# -- Compiling module full_adder__716
# -- Compiling module full_adder__717
# -- Compiling module full_adder__718
# -- Compiling module full_adder__719
# -- Compiling module full_adder__72
# -- Compiling module full_adder__720
# -- Compiling module full_adder__721
# -- Compiling module full_adder__722
# -- Compiling module full_adder__723
# -- Compiling module full_adder__724
# -- Compiling module full_adder__725
# -- Compiling module full_adder__726
# -- Compiling module full_adder__727
# -- Compiling module full_adder__728
# -- Compiling module full_adder__729
# -- Compiling module full_adder__73
# -- Compiling module full_adder__730
# -- Compiling module full_adder__731
# -- Compiling module full_adder__732
# -- Compiling module full_adder__733
# -- Compiling module full_adder__734
# -- Compiling module full_adder__735
# -- Compiling module full_adder__736
# -- Compiling module full_adder__737
# -- Compiling module full_adder__738
# -- Compiling module full_adder__739
# -- Compiling module full_adder__74
# -- Compiling module full_adder__740
# -- Compiling module full_adder__741
# -- Compiling module full_adder__742
# -- Compiling module full_adder__743
# -- Compiling module full_adder__744
# -- Compiling module full_adder__745
# -- Compiling module full_adder__746
# -- Compiling module full_adder__747
# -- Compiling module full_adder__748
# -- Compiling module full_adder__749
# -- Compiling module full_adder__75
# -- Compiling module full_adder__750
# -- Compiling module full_adder__751
# -- Compiling module full_adder__752
# -- Compiling module full_adder__753
# -- Compiling module full_adder__754
# -- Compiling module full_adder__755
# -- Compiling module full_adder__756
# -- Compiling module full_adder__757
# -- Compiling module full_adder__758
# -- Compiling module full_adder__759
# -- Compiling module full_adder__76
# -- Compiling module full_adder__760
# -- Compiling module full_adder__761
# -- Compiling module full_adder__762
# -- Compiling module full_adder__763
# -- Compiling module full_adder__764
# -- Compiling module full_adder__765
# -- Compiling module full_adder__766
# -- Compiling module full_adder__767
# -- Compiling module full_adder__768
# -- Compiling module full_adder__769
# -- Compiling module full_adder__77
# -- Compiling module full_adder__770
# -- Compiling module full_adder__771
# -- Compiling module full_adder__772
# -- Compiling module full_adder__773
# -- Compiling module full_adder__774
# -- Compiling module full_adder__775
# -- Compiling module full_adder__776
# -- Compiling module full_adder__777
# -- Compiling module full_adder__778
# -- Compiling module full_adder__779
# -- Compiling module full_adder__78
# -- Compiling module full_adder__780
# -- Compiling module full_adder__781
# -- Compiling module full_adder__782
# -- Compiling module full_adder__783
# -- Compiling module full_adder__784
# -- Compiling module full_adder__785
# -- Compiling module full_adder__786
# -- Compiling module full_adder__787
# -- Compiling module full_adder__788
# -- Compiling module full_adder__789
# -- Compiling module full_adder__79
# -- Compiling module full_adder__790
# -- Compiling module full_adder__791
# -- Compiling module full_adder__792
# -- Compiling module full_adder__793
# -- Compiling module full_adder__794
# -- Compiling module full_adder__795
# -- Compiling module full_adder__796
# -- Compiling module full_adder__797
# -- Compiling module full_adder__798
# -- Compiling module full_adder__799
# -- Compiling module full_adder__8
# -- Compiling module full_adder__80
# -- Compiling module full_adder__800
# -- Compiling module full_adder__801
# -- Compiling module full_adder__802
# -- Compiling module full_adder__803
# -- Compiling module full_adder__804
# -- Compiling module full_adder__805
# -- Compiling module full_adder__806
# -- Compiling module full_adder__807
# -- Compiling module full_adder__808
# -- Compiling module full_adder__809
# -- Compiling module full_adder__81
# -- Compiling module full_adder__810
# -- Compiling module full_adder__811
# -- Compiling module full_adder__812
# -- Compiling module full_adder__813
# -- Compiling module full_adder__814
# -- Compiling module full_adder__815
# -- Compiling module full_adder__816
# -- Compiling module full_adder__817
# -- Compiling module full_adder__818
# -- Compiling module full_adder__819
# -- Compiling module full_adder__82
# -- Compiling module full_adder__820
# -- Compiling module full_adder__821
# -- Compiling module full_adder__822
# -- Compiling module full_adder__823
# -- Compiling module full_adder__824
# -- Compiling module full_adder__825
# -- Compiling module full_adder__826
# -- Compiling module full_adder__827
# -- Compiling module full_adder__828
# -- Compiling module full_adder__829
# -- Compiling module full_adder__83
# -- Compiling module full_adder__830
# -- Compiling module full_adder__831
# -- Compiling module full_adder__832
# -- Compiling module full_adder__833
# -- Compiling module full_adder__834
# -- Compiling module full_adder__835
# -- Compiling module full_adder__836
# -- Compiling module full_adder__837
# -- Compiling module full_adder__838
# -- Compiling module full_adder__839
# -- Compiling module full_adder__84
# -- Compiling module full_adder__840
# -- Compiling module full_adder__841
# -- Compiling module full_adder__842
# -- Compiling module full_adder__843
# -- Compiling module full_adder__844
# -- Compiling module full_adder__845
# -- Compiling module full_adder__846
# -- Compiling module full_adder__847
# -- Compiling module full_adder__848
# -- Compiling module full_adder__849
# -- Compiling module full_adder__85
# -- Compiling module full_adder__850
# -- Compiling module full_adder__851
# -- Compiling module full_adder__852
# -- Compiling module full_adder__853
# -- Compiling module full_adder__854
# -- Compiling module full_adder__855
# -- Compiling module full_adder__856
# -- Compiling module full_adder__857
# -- Compiling module full_adder__858
# -- Compiling module full_adder__859
# -- Compiling module full_adder__86
# -- Compiling module full_adder__860
# -- Compiling module full_adder__861
# -- Compiling module full_adder__862
# -- Compiling module full_adder__863
# -- Compiling module full_adder__864
# -- Compiling module full_adder__865
# -- Compiling module full_adder__866
# -- Compiling module full_adder__867
# -- Compiling module full_adder__868
# -- Compiling module full_adder__869
# -- Compiling module full_adder__87
# -- Compiling module full_adder__870
# -- Compiling module full_adder__871
# -- Compiling module full_adder__872
# -- Compiling module full_adder__873
# -- Compiling module full_adder__874
# -- Compiling module full_adder__875
# -- Compiling module full_adder__876
# -- Compiling module full_adder__877
# -- Compiling module full_adder__878
# -- Compiling module full_adder__879
# -- Compiling module full_adder__88
# -- Compiling module full_adder__880
# -- Compiling module full_adder__881
# -- Compiling module full_adder__882
# -- Compiling module full_adder__883
# -- Compiling module full_adder__884
# -- Compiling module full_adder__885
# -- Compiling module full_adder__886
# -- Compiling module full_adder__887
# -- Compiling module full_adder__888
# -- Compiling module full_adder__889
# -- Compiling module full_adder__89
# -- Compiling module full_adder__890
# -- Compiling module full_adder__891
# -- Compiling module full_adder__892
# -- Compiling module full_adder__893
# -- Compiling module full_adder__894
# -- Compiling module full_adder__895
# -- Compiling module full_adder__896
# -- Compiling module full_adder__897
# -- Compiling module full_adder__898
# -- Compiling module full_adder__899
# -- Compiling module full_adder__9
# -- Compiling module full_adder__90
# -- Compiling module full_adder__91
# -- Compiling module full_adder__92
# -- Compiling module full_adder__93
# -- Compiling module full_adder__94
# -- Compiling module full_adder__95
# -- Compiling module full_adder__96
# -- Compiling module full_adder__97
# -- Compiling module full_adder__98
# -- Compiling module full_adder__99
# -- Compiling module half_adder__1
# -- Compiling module half_adder__10
# -- Compiling module half_adder__100
# -- Compiling module half_adder__101
# -- Compiling module half_adder__102
# -- Compiling module half_adder__103
# -- Compiling module half_adder__104
# -- Compiling module half_adder__105
# -- Compiling module half_adder__106
# -- Compiling module half_adder__107
# -- Compiling module half_adder__108
# -- Compiling module half_adder__109
# -- Compiling module half_adder__11
# -- Compiling module half_adder__110
# -- Compiling module half_adder__111
# -- Compiling module half_adder__112
# -- Compiling module half_adder__113
# -- Compiling module half_adder__114
# -- Compiling module half_adder__115
# -- Compiling module half_adder__116
# -- Compiling module half_adder__117
# -- Compiling module half_adder__118
# -- Compiling module half_adder__119
# -- Compiling module half_adder__12
# -- Compiling module half_adder__120
# -- Compiling module half_adder__121
# -- Compiling module half_adder__122
# -- Compiling module half_adder__123
# -- Compiling module half_adder__124
# -- Compiling module half_adder__125
# -- Compiling module half_adder__126
# -- Compiling module half_adder__127
# -- Compiling module half_adder__128
# -- Compiling module half_adder__129
# -- Compiling module half_adder__13
# -- Compiling module half_adder__130
# -- Compiling module half_adder__131
# -- Compiling module half_adder__132
# -- Compiling module half_adder__133
# -- Compiling module half_adder__135
# -- Compiling module half_adder__136
# -- Compiling module half_adder__137
# -- Compiling module half_adder__138
# -- Compiling module half_adder__139
# -- Compiling module half_adder__14
# -- Compiling module half_adder__140
# -- Compiling module half_adder__141
# -- Compiling module half_adder__142
# -- Compiling module half_adder__143
# -- Compiling module half_adder__144
# -- Compiling module half_adder__145
# -- Compiling module half_adder__146
# -- Compiling module half_adder__147
# -- Compiling module half_adder__148
# -- Compiling module half_adder__149
# -- Compiling module half_adder__15
# -- Compiling module half_adder__150
# -- Compiling module half_adder__151
# -- Compiling module half_adder__152
# -- Compiling module half_adder__153
# -- Compiling module half_adder__154
# -- Compiling module half_adder__155
# -- Compiling module half_adder__156
# -- Compiling module half_adder__157
# -- Compiling module half_adder__158
# -- Compiling module half_adder__159
# -- Compiling module half_adder__16
# -- Compiling module half_adder__160
# -- Compiling module half_adder__161
# -- Compiling module half_adder__162
# -- Compiling module half_adder__163
# -- Compiling module half_adder__164
# -- Compiling module half_adder__165
# -- Compiling module half_adder__166
# -- Compiling module half_adder__167
# -- Compiling module half_adder__169
# -- Compiling module half_adder__17
# -- Compiling module half_adder__170
# -- Compiling module half_adder__171
# -- Compiling module half_adder__172
# -- Compiling module half_adder__173
# -- Compiling module half_adder__174
# -- Compiling module half_adder__175
# -- Compiling module half_adder__176
# -- Compiling module half_adder__177
# -- Compiling module half_adder__178
# -- Compiling module half_adder__179
# -- Compiling module half_adder__18
# -- Compiling module half_adder__180
# -- Compiling module half_adder__181
# -- Compiling module half_adder__182
# -- Compiling module half_adder__183
# -- Compiling module half_adder__184
# -- Compiling module half_adder__185
# -- Compiling module half_adder__186
# -- Compiling module half_adder__187
# -- Compiling module half_adder__188
# -- Compiling module half_adder__189
# -- Compiling module half_adder__19
# -- Compiling module half_adder__190
# -- Compiling module half_adder__191
# -- Compiling module half_adder__192
# -- Compiling module half_adder__193
# -- Compiling module half_adder__194
# -- Compiling module half_adder__195
# -- Compiling module half_adder__196
# -- Compiling module half_adder__197
# -- Compiling module half_adder__198
# -- Compiling module half_adder__199
# -- Compiling module half_adder__2
# -- Compiling module half_adder__20
# -- Compiling module half_adder__200
# -- Compiling module half_adder__201
# -- Compiling module half_adder__202
# -- Compiling module half_adder__203
# -- Compiling module half_adder__204
# -- Compiling module half_adder__205
# -- Compiling module half_adder__206
# -- Compiling module half_adder__207
# -- Compiling module half_adder__208
# -- Compiling module half_adder__209
# -- Compiling module half_adder__21
# -- Compiling module half_adder__210
# -- Compiling module half_adder__211
# -- Compiling module half_adder__212
# -- Compiling module half_adder__213
# -- Compiling module half_adder__214
# -- Compiling module half_adder__215
# -- Compiling module half_adder__216
# -- Compiling module half_adder__217
# -- Compiling module half_adder__218
# -- Compiling module half_adder__22
# -- Compiling module half_adder__23
# -- Compiling module half_adder__24
# -- Compiling module half_adder__25
# -- Compiling module half_adder__26
# -- Compiling module half_adder__27
# -- Compiling module half_adder__28
# -- Compiling module half_adder__29
# -- Compiling module half_adder__3
# -- Compiling module half_adder__30
# -- Compiling module half_adder__31
# -- Compiling module half_adder__32
# -- Compiling module half_adder__33
# -- Compiling module half_adder__34
# -- Compiling module half_adder__35
# -- Compiling module half_adder__36
# -- Compiling module half_adder__37
# -- Compiling module half_adder__38
# -- Compiling module half_adder__39
# -- Compiling module half_adder__4
# -- Compiling module half_adder__40
# -- Compiling module half_adder__41
# -- Compiling module half_adder__42
# -- Compiling module half_adder__43
# -- Compiling module half_adder__44
# -- Compiling module half_adder__45
# -- Compiling module half_adder__46
# -- Compiling module half_adder__47
# -- Compiling module half_adder__48
# -- Compiling module half_adder__49
# -- Compiling module half_adder__5
# -- Compiling module half_adder__50
# -- Compiling module half_adder__51
# -- Compiling module half_adder__52
# -- Compiling module half_adder__53
# -- Compiling module half_adder__54
# -- Compiling module half_adder__55
# -- Compiling module half_adder__56
# -- Compiling module half_adder__57
# -- Compiling module half_adder__58
# -- Compiling module half_adder__59
# -- Compiling module half_adder__6
# -- Compiling module half_adder__60
# -- Compiling module half_adder__61
# -- Compiling module half_adder__62
# -- Compiling module half_adder__63
# -- Compiling module half_adder__64
# -- Compiling module half_adder__65
# -- Compiling module half_adder__66
# -- Compiling module half_adder__67
# -- Compiling module half_adder__68
# -- Compiling module half_adder__69
# -- Compiling module half_adder__7
# -- Compiling module half_adder__70
# -- Compiling module half_adder__71
# -- Compiling module half_adder__72
# -- Compiling module half_adder__73
# -- Compiling module half_adder__74
# -- Compiling module half_adder__75
# -- Compiling module half_adder__76
# -- Compiling module half_adder__77
# -- Compiling module half_adder__78
# -- Compiling module half_adder__79
# -- Compiling module half_adder__8
# -- Compiling module half_adder__80
# -- Compiling module half_adder__81
# -- Compiling module half_adder__82
# -- Compiling module half_adder__83
# -- Compiling module half_adder__84
# -- Compiling module half_adder__85
# -- Compiling module half_adder__86
# -- Compiling module half_adder__87
# -- Compiling module half_adder__88
# -- Compiling module half_adder__89
# -- Compiling module half_adder__9
# -- Compiling module half_adder__90
# -- Compiling module half_adder__91
# -- Compiling module half_adder__92
# -- Compiling module half_adder__93
# -- Compiling module half_adder__94
# -- Compiling module half_adder__95
# -- Compiling module half_adder__96
# -- Compiling module half_adder__97
# -- Compiling module half_adder__98
# -- Compiling module half_adder__99
# -- Compiling module regfile
# -- Compiling module sccomp_dataflow
# -- Compiling module DMEM_blk_mem_gen_generic_cstr
# -- Compiling module DMEM_blk_mem_gen_prim_width
# -- Compiling module DMEM_blk_mem_gen_prim_wrapper
# -- Compiling module DMEM_blk_mem_gen_top
# -- Compiling module DMEM_blk_mem_gen_v8_3_3
# -- Compiling module DMEM_blk_mem_gen_v8_3_3_synth
# -- Compiling module IMEM_dist_dist_mem_gen_v8_0_10
# -- Compiling module IMEM_dist_dist_mem_gen_v8_0_10_synth
# -- Compiling module IMEM_dist_rom
# -- Compiling module glbl
# -- Compiling module sccomp_dataflow_oj_tb
# 
# Top level modules:
# 	glbl
# 	sccomp_dataflow_oj_tb
# End time: 02:20:47 on Apr 26,2018, Elapsed time: 0:00:04
# Errors: 0, Warnings: 1
