Vivado Simulator 2016.2
Copyright 1986-1999, 2001-2016 Xilinx, Inc. All Rights Reserved.
Running: D:/SoftPath/Xilinx/Vivado/2016.2/bin/unwrapped/win64.o/xelab.exe -wto ef333b10912d46d28a1712e6070ca6f1 --debug typical --relax --mt 2 --maxdelay -L xil_defaultlib -L simprims_ver -L secureip --snapshot computer_tb_time_synth -transport_int_delays -pulse_r 0 -pulse_int_r 0 xil_defaultlib.computer_tb xil_defaultlib.glbl -log elaborate.log 
Using 2 slave threads.
Starting static elaboration
Completed static elaboration
Starting simulation data flow analysis
Completed simulation data flow analysis
INFO: [XSIM 43-3451] SDF backannotation process started with SDF file "computer_tb_time_synth.sdf", for root module "computer_tb/uut".
INFO: [XSIM 43-3452] SDF backannotation was successful for SDF file "computer_tb_time_synth.sdf", for root module "computer_tb/uut".
Time Resolution for simulation is 1ps
Compiling module simprims_ver.OBUF
Compiling module simprims_ver.x_lut1_mux2
Compiling module simprims_ver.LUT1
Compiling module simprims_ver.LUT6
Compiling module simprims_ver.LUT4
Compiling module simprims_ver.LUT5
Compiling module simprims_ver.BUFG
Compiling module simprims_ver.IBUF
Compiling module simprims_ver.x_lut3_mux4
Compiling module simprims_ver.x_lut3_mux4_reduced_0
Compiling module simprims_ver.LUT3
Compiling module simprims_ver.sffsrce_fdre
Compiling module simprims_ver.FDRE
Compiling module simprims_ver.CARRY4
Compiling module simprims_ver.x_lut2_mux4
Compiling module simprims_ver.LUT2
Compiling module xil_defaultlib.cpu_div
Compiling module simprims_ver.GND
Compiling module simprims_ver.RB36_INTERNAL_VLOG(DOA_REG=0,DOB...
Compiling module simprims_ver.RAMB36E1(IS_CLKARDCLK_INVERTED=1...
Compiling module xil_defaultlib.DMEM_block_blk_mem_gen_prim_wrap...
Compiling module xil_defaultlib.DMEM_block_blk_mem_gen_prim_widt...
Compiling module xil_defaultlib.DMEM_block_blk_mem_gen_generic_c...
Compiling module xil_defaultlib.DMEM_block_blk_mem_gen_top
Compiling module xil_defaultlib.DMEM_block_blk_mem_gen_v8_3_3_sy...
Compiling module xil_defaultlib.DMEM_block_blk_mem_gen_v8_3_3
Compiling module xil_defaultlib.DMEM_block
Compiling module simprims_ver.MUXF7
Compiling module simprims_ver.MUXF8
Compiling module simprims_ver.RAMS64E(RAM_ADDRESS_SPACE=2'b11)
Compiling module simprims_ver.RAMS64E(RAM_ADDRESS_SPACE=2'b10)
Compiling module simprims_ver.RAMS64E(RAM_ADDRESS_SPACE=2'b01)
Compiling module simprims_ver.RAMS64E
Compiling module xil_defaultlib.RAM256X1S_UNIQ_BASE_
Compiling module xil_defaultlib.RAM256X1S_HD1
Compiling module xil_defaultlib.RAM256X1S_HD2
Compiling module xil_defaultlib.RAM256X1S_HD3
Compiling module xil_defaultlib.RAM256X1S_HD4
Compiling module xil_defaultlib.RAM256X1S_HD5
Compiling module xil_defaultlib.RAM256X1S_HD6
Compiling module xil_defaultlib.RAM256X1S_HD7
Compiling module xil_defaultlib.RAM256X1S_HD8
Compiling module xil_defaultlib.RAM256X1S_HD9
Compiling module xil_defaultlib.RAM256X1S_HD10
Compiling module xil_defaultlib.RAM256X1S_HD11
Compiling module xil_defaultlib.RAM256X1S_HD12
Compiling module xil_defaultlib.RAM256X1S_HD13
Compiling module xil_defaultlib.RAM256X1S_HD14
Compiling module xil_defaultlib.RAM256X1S_HD15
Compiling module xil_defaultlib.RAM256X1S_HD16
Compiling module xil_defaultlib.RAM256X1S_HD17
Compiling module xil_defaultlib.RAM256X1S_HD18
Compiling module xil_defaultlib.RAM256X1S_HD19
Compiling module xil_defaultlib.RAM256X1S_HD20
Compiling module xil_defaultlib.RAM256X1S_HD21
Compiling module xil_defaultlib.RAM256X1S_HD22
Compiling module xil_defaultlib.RAM256X1S_HD23
Compiling module xil_defaultlib.RAM256X1S_HD24
Compiling module xil_defaultlib.RAM256X1S_HD25
Compiling module xil_defaultlib.RAM256X1S_HD26
Compiling module xil_defaultlib.RAM256X1S_HD27
Compiling module xil_defaultlib.RAM256X1S_HD28
Compiling module xil_defaultlib.RAM256X1S_HD29
Compiling module xil_defaultlib.RAM256X1S_HD30
Compiling module xil_defaultlib.RAM256X1S_HD31
Compiling module xil_defaultlib.RAM256X1S_HD32
Compiling module xil_defaultlib.RAM256X1S_HD33
Compiling module xil_defaultlib.RAM256X1S_HD34
Compiling module xil_defaultlib.RAM256X1S_HD35
Compiling module xil_defaultlib.RAM256X1S_HD36
Compiling module xil_defaultlib.RAM256X1S_HD37
Compiling module xil_defaultlib.RAM256X1S_HD38
Compiling module xil_defaultlib.RAM256X1S_HD39
Compiling module xil_defaultlib.RAM256X1S_HD40
Compiling module xil_defaultlib.RAM256X1S_HD41
Compiling module xil_defaultlib.RAM256X1S_HD42
Compiling module xil_defaultlib.RAM256X1S_HD43
Compiling module xil_defaultlib.RAM256X1S_HD44
Compiling module xil_defaultlib.RAM256X1S_HD45
Compiling module xil_defaultlib.RAM256X1S_HD46
Compiling module xil_defaultlib.RAM256X1S_HD47
Compiling module xil_defaultlib.RAM256X1S_HD48
Compiling module xil_defaultlib.RAM256X1S_HD49
Compiling module xil_defaultlib.RAM256X1S_HD50
Compiling module xil_defaultlib.RAM256X1S_HD51
Compiling module xil_defaultlib.RAM256X1S_HD52
Compiling module xil_defaultlib.RAM256X1S_HD53
Compiling module xil_defaultlib.RAM256X1S_HD54
Compiling module xil_defaultlib.RAM256X1S_HD55
Compiling module xil_defaultlib.RAM256X1S_HD56
Compiling module xil_defaultlib.RAM256X1S_HD57
Compiling module xil_defaultlib.RAM256X1S_HD58
Compiling module xil_defaultlib.RAM256X1S_HD59
Compiling module xil_defaultlib.RAM256X1S_HD60
Compiling module xil_defaultlib.RAM256X1S_HD61
Compiling module xil_defaultlib.RAM256X1S_HD62
Compiling module xil_defaultlib.RAM256X1S_HD63
Compiling module xil_defaultlib.RAM256X1S_HD64
Compiling module xil_defaultlib.RAM256X1S_HD65
Compiling module xil_defaultlib.RAM256X1S_HD66
Compiling module xil_defaultlib.RAM256X1S_HD67
Compiling module xil_defaultlib.RAM256X1S_HD68
Compiling module xil_defaultlib.RAM256X1S_HD69
Compiling module xil_defaultlib.RAM256X1S_HD70
Compiling module xil_defaultlib.RAM256X1S_HD71
Compiling module xil_defaultlib.RAM256X1S_HD72
Compiling module xil_defaultlib.RAM256X1S_HD73
Compiling module xil_defaultlib.RAM256X1S_HD74
Compiling module xil_defaultlib.RAM256X1S_HD75
Compiling module xil_defaultlib.RAM256X1S_HD76
Compiling module xil_defaultlib.RAM256X1S_HD77
Compiling module xil_defaultlib.RAM256X1S_HD78
Compiling module xil_defaultlib.RAM256X1S_HD79
Compiling module xil_defaultlib.RAM256X1S_HD80
Compiling module xil_defaultlib.RAM256X1S_HD81
Compiling module xil_defaultlib.RAM256X1S_HD82
Compiling module xil_defaultlib.RAM256X1S_HD83
Compiling module xil_defaultlib.RAM256X1S_HD84
Compiling module xil_defaultlib.RAM256X1S_HD85
Compiling module xil_defaultlib.RAM256X1S_HD86
Compiling module xil_defaultlib.RAM256X1S_HD87
Compiling module xil_defaultlib.RAM256X1S_HD88
Compiling module xil_defaultlib.RAM256X1S_HD89
Compiling module xil_defaultlib.RAM256X1S_HD90
Compiling module xil_defaultlib.RAM256X1S_HD91
Compiling module xil_defaultlib.RAM256X1S_HD92
Compiling module xil_defaultlib.RAM256X1S_HD93
Compiling module xil_defaultlib.RAM256X1S_HD94
Compiling module xil_defaultlib.RAM256X1S_HD95
Compiling module xil_defaultlib.RAM256X1S_HD96
Compiling module xil_defaultlib.RAM256X1S_HD97
Compiling module xil_defaultlib.RAM256X1S_HD98
Compiling module xil_defaultlib.RAM256X1S_HD99
Compiling module xil_defaultlib.RAM256X1S_HD100
Compiling module xil_defaultlib.RAM256X1S_HD101
Compiling module xil_defaultlib.RAM256X1S_HD102
Compiling module xil_defaultlib.RAM256X1S_HD103
Compiling module xil_defaultlib.RAM256X1S_HD104
Compiling module xil_defaultlib.RAM256X1S_HD105
Compiling module xil_defaultlib.RAM256X1S_HD106
Compiling module xil_defaultlib.RAM256X1S_HD107
Compiling module xil_defaultlib.RAM256X1S_HD108
Compiling module xil_defaultlib.RAM256X1S_HD109
Compiling module xil_defaultlib.RAM256X1S_HD110
Compiling module xil_defaultlib.RAM256X1S_HD111
Compiling module xil_defaultlib.RAM256X1S_HD112
Compiling module xil_defaultlib.RAM256X1S_HD113
Compiling module xil_defaultlib.RAM256X1S_HD114
Compiling module xil_defaultlib.RAM256X1S_HD115
Compiling module xil_defaultlib.RAM256X1S_HD116
Compiling module xil_defaultlib.RAM256X1S_HD117
Compiling module xil_defaultlib.RAM256X1S_HD118
Compiling module xil_defaultlib.RAM256X1S_HD119
Compiling module xil_defaultlib.RAM256X1S_HD120
Compiling module xil_defaultlib.RAM256X1S_HD121
Compiling module xil_defaultlib.RAM256X1S_HD122
Compiling module xil_defaultlib.RAM256X1S_HD123
Compiling module xil_defaultlib.RAM256X1S_HD124
Compiling module xil_defaultlib.RAM256X1S_HD125
Compiling module xil_defaultlib.RAM256X1S_HD126
Compiling module xil_defaultlib.RAM256X1S_HD127
Compiling module xil_defaultlib.RAM256X1S_HD128
Compiling module xil_defaultlib.RAM256X1S_HD129
Compiling module xil_defaultlib.RAM256X1S_HD130
Compiling module xil_defaultlib.RAM256X1S_HD131
Compiling module xil_defaultlib.RAM256X1S_HD132
Compiling module xil_defaultlib.RAM256X1S_HD133
Compiling module xil_defaultlib.RAM256X1S_HD134
Compiling module xil_defaultlib.RAM256X1S_HD135
Compiling module xil_defaultlib.RAM256X1S_HD136
Compiling module xil_defaultlib.RAM256X1S_HD137
Compiling module xil_defaultlib.RAM256X1S_HD138
Compiling module xil_defaultlib.RAM256X1S_HD139
Compiling module xil_defaultlib.RAM256X1S_HD140
Compiling module xil_defaultlib.RAM256X1S_HD141
Compiling module xil_defaultlib.RAM256X1S_HD142
Compiling module xil_defaultlib.RAM256X1S_HD143
Compiling module xil_defaultlib.RAM256X1S_HD144
Compiling module xil_defaultlib.RAM256X1S_HD145
Compiling module xil_defaultlib.RAM256X1S_HD146
Compiling module xil_defaultlib.RAM256X1S_HD147
Compiling module xil_defaultlib.RAM256X1S_HD148
Compiling module xil_defaultlib.RAM256X1S_HD149
Compiling module xil_defaultlib.RAM256X1S_HD150
Compiling module xil_defaultlib.RAM256X1S_HD151
Compiling module xil_defaultlib.RAM256X1S_HD152
Compiling module xil_defaultlib.RAM256X1S_HD153
Compiling module xil_defaultlib.RAM256X1S_HD154
Compiling module xil_defaultlib.RAM256X1S_HD155
Compiling module xil_defaultlib.RAM256X1S_HD156
Compiling module xil_defaultlib.RAM256X1S_HD157
Compiling module xil_defaultlib.RAM256X1S_HD158
Compiling module xil_defaultlib.RAM256X1S_HD159
Compiling module xil_defaultlib.RAM256X1S_HD160
Compiling module xil_defaultlib.RAM256X1S_HD161
Compiling module xil_defaultlib.RAM256X1S_HD162
Compiling module xil_defaultlib.RAM256X1S_HD163
Compiling module xil_defaultlib.RAM256X1S_HD164
Compiling module xil_defaultlib.RAM256X1S_HD165
Compiling module xil_defaultlib.RAM256X1S_HD166
Compiling module xil_defaultlib.RAM256X1S_HD167
Compiling module xil_defaultlib.RAM256X1S_HD168
Compiling module xil_defaultlib.RAM256X1S_HD169
Compiling module xil_defaultlib.RAM256X1S_HD170
Compiling module xil_defaultlib.RAM256X1S_HD171
Compiling module xil_defaultlib.RAM256X1S_HD172
Compiling module xil_defaultlib.RAM256X1S_HD173
Compiling module xil_defaultlib.RAM256X1S_HD174
Compiling module xil_defaultlib.RAM256X1S_HD175
Compiling module xil_defaultlib.RAM256X1S_HD176
Compiling module xil_defaultlib.RAM256X1S_HD177
Compiling module xil_defaultlib.RAM256X1S_HD178
Compiling module xil_defaultlib.RAM256X1S_HD179
Compiling module xil_defaultlib.RAM256X1S_HD180
Compiling module xil_defaultlib.RAM256X1S_HD181
Compiling module xil_defaultlib.RAM256X1S_HD182
Compiling module xil_defaultlib.RAM256X1S_HD183
Compiling module xil_defaultlib.RAM256X1S_HD184
Compiling module xil_defaultlib.RAM256X1S_HD185
Compiling module xil_defaultlib.RAM256X1S_HD186
Compiling module xil_defaultlib.RAM256X1S_HD187
Compiling module xil_defaultlib.RAM256X1S_HD188
Compiling module xil_defaultlib.RAM256X1S_HD189
Compiling module xil_defaultlib.RAM256X1S_HD190
Compiling module xil_defaultlib.RAM256X1S_HD191
Compiling module xil_defaultlib.RAM256X1S_HD192
Compiling module xil_defaultlib.RAM256X1S_HD193
Compiling module xil_defaultlib.RAM256X1S_HD194
Compiling module xil_defaultlib.RAM256X1S_HD195
Compiling module xil_defaultlib.RAM256X1S_HD196
Compiling module xil_defaultlib.RAM256X1S_HD197
Compiling module xil_defaultlib.RAM256X1S_HD198
Compiling module xil_defaultlib.RAM256X1S_HD199
Compiling module xil_defaultlib.RAM256X1S_HD200
Compiling module xil_defaultlib.RAM256X1S_HD201
Compiling module xil_defaultlib.RAM256X1S_HD202
Compiling module xil_defaultlib.RAM256X1S_HD203
Compiling module xil_defaultlib.RAM256X1S_HD204
Compiling module xil_defaultlib.RAM256X1S_HD205
Compiling module xil_defaultlib.RAM256X1S_HD206
Compiling module xil_defaultlib.RAM256X1S_HD207
Compiling module xil_defaultlib.RAM256X1S_HD208
Compiling module xil_defaultlib.RAM256X1S_HD209
Compiling module xil_defaultlib.RAM256X1S_HD210
Compiling module xil_defaultlib.RAM256X1S_HD211
Compiling module xil_defaultlib.RAM256X1S_HD212
Compiling module xil_defaultlib.RAM256X1S_HD213
Compiling module xil_defaultlib.RAM256X1S_HD214
Compiling module xil_defaultlib.RAM256X1S_HD215
Compiling module xil_defaultlib.RAM256X1S_HD216
Compiling module xil_defaultlib.RAM256X1S_HD217
Compiling module xil_defaultlib.RAM256X1S_HD218
Compiling module xil_defaultlib.RAM256X1S_HD219
Compiling module xil_defaultlib.RAM256X1S_HD220
Compiling module xil_defaultlib.RAM256X1S_HD221
Compiling module xil_defaultlib.RAM256X1S_HD222
Compiling module xil_defaultlib.RAM256X1S_HD223
Compiling module xil_defaultlib.RAM256X1S_HD224
Compiling module xil_defaultlib.RAM256X1S_HD225
Compiling module xil_defaultlib.RAM256X1S_HD226
Compiling module xil_defaultlib.RAM256X1S_HD227
Compiling module xil_defaultlib.RAM256X1S_HD228
Compiling module xil_defaultlib.RAM256X1S_HD229
Compiling module xil_defaultlib.RAM256X1S_HD230
Compiling module xil_defaultlib.RAM256X1S_HD231
Compiling module xil_defaultlib.RAM256X1S_HD232
Compiling module xil_defaultlib.RAM256X1S_HD233
Compiling module xil_defaultlib.RAM256X1S_HD234
Compiling module xil_defaultlib.RAM256X1S_HD235
Compiling module xil_defaultlib.RAM256X1S_HD236
Compiling module xil_defaultlib.RAM256X1S_HD237
Compiling module xil_defaultlib.RAM256X1S_HD238
Compiling module xil_defaultlib.RAM256X1S_HD239
Compiling module xil_defaultlib.RAM256X1S_HD240
Compiling module xil_defaultlib.RAM256X1S_HD241
Compiling module xil_defaultlib.RAM256X1S_HD242
Compiling module xil_defaultlib.RAM256X1S_HD243
Compiling module xil_defaultlib.RAM256X1S_HD244
Compiling module xil_defaultlib.RAM256X1S_HD245
Compiling module xil_defaultlib.RAM256X1S_HD246
Compiling module xil_defaultlib.RAM256X1S_HD247
Compiling module xil_defaultlib.RAM256X1S_HD248
Compiling module xil_defaultlib.RAM256X1S_HD249
Compiling module xil_defaultlib.RAM256X1S_HD250
Compiling module xil_defaultlib.RAM256X1S_HD251
Compiling module xil_defaultlib.RAM256X1S_HD252
Compiling module xil_defaultlib.RAM256X1S_HD253
Compiling module xil_defaultlib.RAM256X1S_HD254
Compiling module xil_defaultlib.RAM256X1S_HD255
Compiling module xil_defaultlib.RAM256X1S_HD256
Compiling module xil_defaultlib.RAM256X1S_HD257
Compiling module xil_defaultlib.RAM256X1S_HD258
Compiling module xil_defaultlib.RAM256X1S_HD259
Compiling module xil_defaultlib.RAM256X1S_HD260
Compiling module xil_defaultlib.RAM256X1S_HD261
Compiling module xil_defaultlib.RAM256X1S_HD262
Compiling module xil_defaultlib.RAM256X1S_HD263
Compiling module xil_defaultlib.RAM256X1S_HD264
Compiling module xil_defaultlib.RAM256X1S_HD265
Compiling module xil_defaultlib.RAM256X1S_HD266
Compiling module xil_defaultlib.RAM256X1S_HD267
Compiling module xil_defaultlib.RAM256X1S_HD268
Compiling module xil_defaultlib.RAM256X1S_HD269
Compiling module xil_defaultlib.RAM256X1S_HD270
Compiling module xil_defaultlib.RAM256X1S_HD271
Compiling module xil_defaultlib.RAM256X1S_HD272
Compiling module xil_defaultlib.RAM256X1S_HD273
Compiling module xil_defaultlib.RAM256X1S_HD274
Compiling module xil_defaultlib.RAM256X1S_HD275
Compiling module xil_defaultlib.RAM256X1S_HD276
Compiling module xil_defaultlib.RAM256X1S_HD277
Compiling module xil_defaultlib.RAM256X1S_HD278
Compiling module xil_defaultlib.RAM256X1S_HD279
Compiling module xil_defaultlib.RAM256X1S_HD280
Compiling module xil_defaultlib.RAM256X1S_HD281
Compiling module xil_defaultlib.RAM256X1S_HD282
Compiling module xil_defaultlib.RAM256X1S_HD283
Compiling module xil_defaultlib.RAM256X1S_HD284
Compiling module xil_defaultlib.RAM256X1S_HD285
Compiling module xil_defaultlib.RAM256X1S_HD286
Compiling module xil_defaultlib.RAM256X1S_HD287
Compiling module xil_defaultlib.RAM256X1S_HD288
Compiling module xil_defaultlib.RAM256X1S_HD289
Compiling module xil_defaultlib.RAM256X1S_HD290
Compiling module xil_defaultlib.RAM256X1S_HD291
Compiling module xil_defaultlib.RAM256X1S_HD292
Compiling module xil_defaultlib.RAM256X1S_HD293
Compiling module xil_defaultlib.RAM256X1S_HD294
Compiling module xil_defaultlib.RAM256X1S_HD295
Compiling module xil_defaultlib.RAM256X1S_HD296
Compiling module xil_defaultlib.RAM256X1S_HD297
Compiling module xil_defaultlib.RAM256X1S_HD298
Compiling module xil_defaultlib.RAM256X1S_HD299
Compiling module xil_defaultlib.RAM256X1S_HD300
Compiling module xil_defaultlib.RAM256X1S_HD301
Compiling module xil_defaultlib.RAM256X1S_HD302
Compiling module xil_defaultlib.RAM256X1S_HD303
Compiling module xil_defaultlib.RAM256X1S_HD304
Compiling module xil_defaultlib.RAM256X1S_HD305
Compiling module xil_defaultlib.RAM256X1S_HD306
Compiling module xil_defaultlib.RAM256X1S_HD307
Compiling module xil_defaultlib.RAM256X1S_HD308
Compiling module xil_defaultlib.RAM256X1S_HD309
Compiling module xil_defaultlib.RAM256X1S_HD310
Compiling module xil_defaultlib.RAM256X1S_HD311
Compiling module xil_defaultlib.RAM256X1S_HD312
Compiling module xil_defaultlib.RAM256X1S_HD313
Compiling module xil_defaultlib.RAM256X1S_HD314
Compiling module xil_defaultlib.RAM256X1S_HD315
Compiling module xil_defaultlib.RAM256X1S_HD316
Compiling module xil_defaultlib.RAM256X1S_HD317
Compiling module xil_defaultlib.RAM256X1S_HD318
Compiling module xil_defaultlib.RAM256X1S_HD319
Compiling module xil_defaultlib.RAM256X1S_HD320
Compiling module xil_defaultlib.RAM256X1S_HD321
Compiling module xil_defaultlib.RAM256X1S_HD322
Compiling module xil_defaultlib.RAM256X1S_HD323
Compiling module xil_defaultlib.RAM256X1S_HD324
Compiling module xil_defaultlib.RAM256X1S_HD325
Compiling module xil_defaultlib.RAM256X1S_HD326
Compiling module xil_defaultlib.RAM256X1S_HD327
Compiling module xil_defaultlib.RAM256X1S_HD328
Compiling module xil_defaultlib.RAM256X1S_HD329
Compiling module xil_defaultlib.RAM256X1S_HD330
Compiling module xil_defaultlib.RAM256X1S_HD331
Compiling module xil_defaultlib.RAM256X1S_HD332
Compiling module xil_defaultlib.RAM256X1S_HD333
Compiling module xil_defaultlib.RAM256X1S_HD334
Compiling module xil_defaultlib.RAM256X1S_HD335
Compiling module xil_defaultlib.RAM256X1S_HD336
Compiling module xil_defaultlib.RAM256X1S_HD337
Compiling module xil_defaultlib.RAM256X1S_HD338
Compiling module xil_defaultlib.RAM256X1S_HD339
Compiling module xil_defaultlib.RAM256X1S_HD340
Compiling module xil_defaultlib.RAM256X1S_HD341
Compiling module xil_defaultlib.RAM256X1S_HD342
Compiling module xil_defaultlib.RAM256X1S_HD343
Compiling module xil_defaultlib.RAM256X1S_HD344
Compiling module xil_defaultlib.RAM256X1S_HD345
Compiling module xil_defaultlib.RAM256X1S_HD346
Compiling module xil_defaultlib.RAM256X1S_HD347
Compiling module xil_defaultlib.RAM256X1S_HD348
Compiling module xil_defaultlib.RAM256X1S_HD349
Compiling module xil_defaultlib.RAM256X1S_HD350
Compiling module xil_defaultlib.RAM256X1S_HD351
Compiling module xil_defaultlib.RAM256X1S_HD352
Compiling module xil_defaultlib.RAM256X1S_HD353
Compiling module xil_defaultlib.RAM256X1S_HD354
Compiling module xil_defaultlib.RAM256X1S_HD355
Compiling module xil_defaultlib.RAM256X1S_HD356
Compiling module xil_defaultlib.RAM256X1S_HD357
Compiling module xil_defaultlib.RAM256X1S_HD358
Compiling module xil_defaultlib.RAM256X1S_HD359
Compiling module xil_defaultlib.RAM256X1S_HD360
Compiling module xil_defaultlib.RAM256X1S_HD361
Compiling module xil_defaultlib.RAM256X1S_HD362
Compiling module xil_defaultlib.RAM256X1S_HD363
Compiling module xil_defaultlib.RAM256X1S_HD364
Compiling module xil_defaultlib.RAM256X1S_HD365
Compiling module xil_defaultlib.RAM256X1S_HD366
Compiling module xil_defaultlib.RAM256X1S_HD367
Compiling module xil_defaultlib.RAM256X1S_HD368
Compiling module xil_defaultlib.RAM256X1S_HD369
Compiling module xil_defaultlib.RAM256X1S_HD370
Compiling module xil_defaultlib.RAM256X1S_HD371
Compiling module xil_defaultlib.RAM256X1S_HD372
Compiling module xil_defaultlib.RAM256X1S_HD373
Compiling module xil_defaultlib.RAM256X1S_HD374
Compiling module xil_defaultlib.RAM256X1S_HD375
Compiling module xil_defaultlib.RAM256X1S_HD376
Compiling module xil_defaultlib.RAM256X1S_HD377
Compiling module xil_defaultlib.RAM256X1S_HD378
Compiling module xil_defaultlib.RAM256X1S_HD379
Compiling module xil_defaultlib.RAM256X1S_HD380
Compiling module xil_defaultlib.RAM256X1S_HD381
Compiling module xil_defaultlib.RAM256X1S_HD382
Compiling module xil_defaultlib.RAM256X1S_HD383
Compiling module xil_defaultlib.RAM256X1S_HD384
Compiling module xil_defaultlib.RAM256X1S_HD385
Compiling module xil_defaultlib.RAM256X1S_HD386
Compiling module xil_defaultlib.RAM256X1S_HD387
Compiling module xil_defaultlib.RAM256X1S_HD388
Compiling module xil_defaultlib.RAM256X1S_HD389
Compiling module xil_defaultlib.RAM256X1S_HD390
Compiling module xil_defaultlib.RAM256X1S_HD391
Compiling module xil_defaultlib.RAM256X1S_HD392
Compiling module xil_defaultlib.RAM256X1S_HD393
Compiling module xil_defaultlib.RAM256X1S_HD394
Compiling module xil_defaultlib.RAM256X1S_HD395
Compiling module xil_defaultlib.RAM256X1S_HD396
Compiling module xil_defaultlib.RAM256X1S_HD397
Compiling module xil_defaultlib.RAM256X1S_HD398
Compiling module xil_defaultlib.RAM256X1S_HD399
Compiling module xil_defaultlib.RAM256X1S_HD400
Compiling module xil_defaultlib.RAM256X1S_HD401
Compiling module xil_defaultlib.RAM256X1S_HD402
Compiling module xil_defaultlib.RAM256X1S_HD403
Compiling module xil_defaultlib.RAM256X1S_HD404
Compiling module xil_defaultlib.RAM256X1S_HD405
Compiling module xil_defaultlib.RAM256X1S_HD406
Compiling module xil_defaultlib.RAM256X1S_HD407
Compiling module xil_defaultlib.RAM256X1S_HD408
Compiling module xil_defaultlib.RAM256X1S_HD409
Compiling module xil_defaultlib.RAM256X1S_HD410
Compiling module xil_defaultlib.RAM256X1S_HD411
Compiling module xil_defaultlib.RAM256X1S_HD412
Compiling module xil_defaultlib.RAM256X1S_HD413
Compiling module xil_defaultlib.RAM256X1S_HD414
Compiling module xil_defaultlib.RAM256X1S_HD415
Compiling module xil_defaultlib.RAM256X1S_HD416
Compiling module xil_defaultlib.RAM256X1S_HD417
Compiling module xil_defaultlib.RAM256X1S_HD418
Compiling module xil_defaultlib.RAM256X1S_HD419
Compiling module xil_defaultlib.RAM256X1S_HD420
Compiling module xil_defaultlib.RAM256X1S_HD421
Compiling module xil_defaultlib.RAM256X1S_HD422
Compiling module xil_defaultlib.RAM256X1S_HD423
Compiling module xil_defaultlib.RAM256X1S_HD424
Compiling module xil_defaultlib.RAM256X1S_HD425
Compiling module xil_defaultlib.RAM256X1S_HD426
Compiling module xil_defaultlib.RAM256X1S_HD427
Compiling module xil_defaultlib.RAM256X1S_HD428
Compiling module xil_defaultlib.RAM256X1S_HD429
Compiling module xil_defaultlib.RAM256X1S_HD430
Compiling module xil_defaultlib.RAM256X1S_HD431
Compiling module xil_defaultlib.RAM256X1S_HD432
Compiling module xil_defaultlib.RAM256X1S_HD433
Compiling module xil_defaultlib.RAM256X1S_HD434
Compiling module xil_defaultlib.RAM256X1S_HD435
Compiling module xil_defaultlib.RAM256X1S_HD436
Compiling module xil_defaultlib.RAM256X1S_HD437
Compiling module xil_defaultlib.RAM256X1S_HD438
Compiling module xil_defaultlib.RAM256X1S_HD439
Compiling module xil_defaultlib.RAM256X1S_HD440
Compiling module xil_defaultlib.RAM256X1S_HD441
Compiling module xil_defaultlib.RAM256X1S_HD442
Compiling module xil_defaultlib.RAM256X1S_HD443
Compiling module xil_defaultlib.RAM256X1S_HD444
Compiling module xil_defaultlib.RAM256X1S_HD445
Compiling module xil_defaultlib.RAM256X1S_HD446
Compiling module xil_defaultlib.RAM256X1S_HD447
Compiling module xil_defaultlib.RAM256X1S_HD448
Compiling module xil_defaultlib.RAM256X1S_HD449
Compiling module xil_defaultlib.RAM256X1S_HD450
Compiling module xil_defaultlib.RAM256X1S_HD451
Compiling module xil_defaultlib.RAM256X1S_HD452
Compiling module xil_defaultlib.RAM256X1S_HD453
Compiling module xil_defaultlib.RAM256X1S_HD454
Compiling module xil_defaultlib.RAM256X1S_HD455
Compiling module xil_defaultlib.RAM256X1S_HD456
Compiling module xil_defaultlib.RAM256X1S_HD457
Compiling module xil_defaultlib.RAM256X1S_HD458
Compiling module xil_defaultlib.RAM256X1S_HD459
Compiling module xil_defaultlib.RAM256X1S_HD460
Compiling module xil_defaultlib.RAM256X1S_HD461
Compiling module xil_defaultlib.RAM256X1S_HD462
Compiling module xil_defaultlib.RAM256X1S_HD463
Compiling module xil_defaultlib.RAM256X1S_HD464
Compiling module xil_defaultlib.RAM256X1S_HD465
Compiling module xil_defaultlib.RAM256X1S_HD466
Compiling module xil_defaultlib.RAM256X1S_HD467
Compiling module xil_defaultlib.RAM256X1S_HD468
Compiling module xil_defaultlib.RAM256X1S_HD469
Compiling module xil_defaultlib.RAM256X1S_HD470
Compiling module xil_defaultlib.RAM256X1S_HD471
Compiling module xil_defaultlib.RAM256X1S_HD472
Compiling module xil_defaultlib.RAM256X1S_HD473
Compiling module xil_defaultlib.RAM256X1S_HD474
Compiling module xil_defaultlib.RAM256X1S_HD475
Compiling module xil_defaultlib.RAM256X1S_HD476
Compiling module xil_defaultlib.RAM256X1S_HD477
Compiling module xil_defaultlib.RAM256X1S_HD478
Compiling module xil_defaultlib.RAM256X1S_HD479
Compiling module xil_defaultlib.RAM256X1S_HD480
Compiling module xil_defaultlib.RAM256X1S_HD481
Compiling module xil_defaultlib.RAM256X1S_HD482
Compiling module xil_defaultlib.RAM256X1S_HD483
Compiling module xil_defaultlib.RAM256X1S_HD484
Compiling module xil_defaultlib.RAM256X1S_HD485
Compiling module xil_defaultlib.RAM256X1S_HD486
Compiling module xil_defaultlib.RAM256X1S_HD487
Compiling module xil_defaultlib.RAM256X1S_HD488
Compiling module xil_defaultlib.RAM256X1S_HD489
Compiling module xil_defaultlib.RAM256X1S_HD490
Compiling module xil_defaultlib.RAM256X1S_HD491
Compiling module xil_defaultlib.RAM256X1S_HD492
Compiling module xil_defaultlib.RAM256X1S_HD493
Compiling module xil_defaultlib.RAM256X1S_HD494
Compiling module xil_defaultlib.RAM256X1S_HD495
Compiling module xil_defaultlib.RAM256X1S_HD496
Compiling module xil_defaultlib.RAM256X1S_HD497
Compiling module xil_defaultlib.RAM256X1S_HD498
Compiling module xil_defaultlib.RAM256X1S_HD499
Compiling module xil_defaultlib.RAM256X1S_HD500
Compiling module xil_defaultlib.RAM256X1S_HD501
Compiling module xil_defaultlib.RAM256X1S_HD502
Compiling module xil_defaultlib.RAM256X1S_HD503
Compiling module xil_defaultlib.RAM256X1S_HD504
Compiling module xil_defaultlib.RAM256X1S_HD505
Compiling module xil_defaultlib.RAM256X1S_HD506
Compiling module xil_defaultlib.RAM256X1S_HD507
Compiling module xil_defaultlib.RAM256X1S_HD508
Compiling module xil_defaultlib.RAM256X1S_HD509
Compiling module xil_defaultlib.RAM256X1S_HD510
Compiling module xil_defaultlib.RAM256X1S_HD511
Compiling module xil_defaultlib.IMEM_dist_spram
Compiling module xil_defaultlib.IMEM_dist_dist_mem_gen_v8_0_10_s...
Compiling module xil_defaultlib.IMEM_dist_dist_mem_gen_v8_0_10
Compiling module xil_defaultlib.IMEM_dist
Compiling module simprims_ver.FDRE(IS_C_INVERTED=1'b1)
Compiling module xil_defaultlib.CLZAlgorithm
Compiling module xil_defaultlib.DIV
Compiling module xil_defaultlib.MULT
Compiling module xil_defaultlib.ALU
Compiling module simprims_ver.ffsrce_fdce
Compiling module simprims_ver.FDCE
Compiling module simprims_ver.ffsrce_fdpe
Compiling module simprims_ver.FDPE
Compiling module xil_defaultlib.Trapezohedron
Compiling module xil_defaultlib.regfile
Compiling module simprims_ver.sffsrce_fdse
Compiling module simprims_ver.FDSE
Compiling module xil_defaultlib.nyarlathotep
Compiling module xil_defaultlib.computer
Compiling module xil_defaultlib.computer_tb
Compiling module xil_defaultlib.glbl
Built simulation snapshot computer_tb_time_synth
