# ** Error: (vish-17) Recursive reference in 'others' clause in "D:/xilinx_modelsim_lib/modelsim.ini" to "D:/SoftPath/modelsim/win64/../modelsim.ini".
# ** Error: (vish-17) Recursive reference in 'others' clause in "D:/xilinx_modelsim_lib/modelsim.ini" to "D:/SoftPath/modelsim/win64/../modelsim.ini".
# //  ModelSim SE-64 10.5 Feb 13 2016 
# //
# //  Copyright 1991-2016 Mentor Graphics Corporation
# //  All Rights Reserved.
# //
# //  ModelSim SE-64 and its associated documentation contain trade
# //  secrets and commercial or financial information that are the property of
# //  Mentor Graphics Corporation and are privileged, confidential,
# //  and exempt from disclosure under the Freedom of Information Act,
# //  5 U.S.C. Section 552. Furthermore, this information
# //  is prohibited from disclosure under the Trade Secrets Act,
# //  18 U.S.C. Section 1905.
# //
# do {cpu_div_tb_simulate.do}
# vsim -voptargs=""+acc"" "+transport_int_delays" "+pulse_r/0" "+pulse_int_r/0" -L simprims_ver -L secureip -L xil_defaultlib -lib xil_defaultlib xil_defaultlib.cpu_div_tb xil_defaultlib.glbl 
# Start time: 23:26:15 on Apr 26,2018
# ** Note: (vsim-3812) Design is being optimized...
# Loading work.cpu_div_tb(fast)
# Loading work.cpu_div(fast)
# Loading simprims_ver.BUFG(fast)
# Loading simprims_ver.IBUF(fast)
# Loading simprims_ver.OBUF(fast)
# Loading simprims_ver.LUT6(fast)
# Loading simprims_ver.LUT3(fast)
# Loading simprims_ver.LUT3(fast__1)
# Loading simprims_ver.LUT5(fast)
# Loading simprims_ver.LUT6(fast__1)
# Loading simprims_ver.LUT4(fast)
# Loading simprims_ver.FDRE(fast)
# Loading simprims_ver.LUT5(fast__1)
# Loading simprims_ver.LUT6(fast__2)
# Loading simprims_ver.LUT6(fast__3)
# Loading simprims_ver.LUT5(fast__2)
# Loading simprims_ver.CARRY4(fast)
# Loading work.glbl(fast)
# Loading instances from cpu_div_tb_time_synth.sdf
# Loading timing data from cpu_div_tb_time_synth.sdf
# ** Note: (vsim-3587) SDF Backannotation Successfully Completed.
#    Time: 0 ps  Iteration: 0  Instance: /cpu_div_tb File: ../../../../CPU-Nyarlathotep.srcs/sim_1/new/cpu_div_tb.v
# ** Warning: (vsim-3316) No solution possible for some delayed timing check nets. 204 negative limits were zeroed. Use +ntc_warn for more info.
#    Time: 0 ps  Iteration: 0  Instance: /cpu_div_tb File: ../../../../CPU-Nyarlathotep.srcs/sim_1/new/cpu_div_tb.v
# .main_pane.wave.interior.cs.body.pw.wf
# .main_pane.structure.interior.cs.body.struct
# .main_pane.objects.interior.cs.body.tree
# Causality operation skipped due to absence of debug database file
