INFO: [VRFC 10-2263] Analyzing Verilog file "D:/Projects/CompArch/CPU-Nyarlathotep/CPU-Nyarlathotep.sim/sim_1/synth/timing/computer_tb_time_synth.v" into library xil_defaultlib
INFO: [VRFC 10-311] analyzing module DMEM_block
INFO: [VRFC 10-311] analyzing module IMEM_dist
INFO: [VRFC 10-311] analyzing module RAM256X1S_UNIQ_BASE_
INFO: [VRFC 10-311] analyzing module RAM256X1S_HD1
INFO: [VRFC 10-311] analyzing module RAM256X1S_HD10
INFO: [VRFC 10-311] analyzing module RAM256X1S_HD100
INFO: [VRFC 10-311] analyzing module RAM256X1S_HD101
INFO: [VRFC 10-311] analyzing module RAM256X1S_HD102
INFO: [VRFC 10-311] analyzing module RAM256X1S_HD103
INFO: [VRFC 10-311] analyzing module RAM256X1S_HD104
INFO: [VRFC 10-311] analyzing module RAM256X1S_HD105
INFO: [VRFC 10-311] analyzing module RAM256X1S_HD106
INFO: [VRFC 10-311] analyzing module RAM256X1S_HD107
INFO: [VRFC 10-311] analyzing module RAM256X1S_HD108
INFO: [VRFC 10-311] analyzing module RAM256X1S_HD109
INFO: [VRFC 10-311] analyzing module RAM256X1S_HD11
INFO: [VRFC 10-311] analyzing module RAM256X1S_HD110
INFO: [VRFC 10-311] analyzing module RAM256X1S_HD111
INFO: [VRFC 10-311] analyzing module RAM256X1S_HD112
INFO: [VRFC 10-311] analyzing module RAM256X1S_HD113
INFO: [VRFC 10-311] analyzing module RAM256X1S_HD114
INFO: [VRFC 10-311] analyzing module RAM256X1S_HD115
INFO: [VRFC 10-311] analyzing module RAM256X1S_HD116
INFO: [VRFC 10-311] analyzing module RAM256X1S_HD117
INFO: [VRFC 10-311] analyzing module RAM256X1S_HD118
INFO: [VRFC 10-311] analyzing module RAM256X1S_HD119
INFO: [VRFC 10-311] analyzing module RAM256X1S_HD12
INFO: [VRFC 10-311] analyzing module RAM256X1S_HD120
INFO: [VRFC 10-311] analyzing module RAM256X1S_HD121
INFO: [VRFC 10-311] analyzing module RAM256X1S_HD122
INFO: [VRFC 10-311] analyzing module RAM256X1S_HD123
INFO: [VRFC 10-311] analyzing module RAM256X1S_HD124
INFO: [VRFC 10-311] analyzing module RAM256X1S_HD125
INFO: [VRFC 10-311] analyzing module RAM256X1S_HD126
INFO: [VRFC 10-311] analyzing module RAM256X1S_HD127
INFO: [VRFC 10-311] analyzing module RAM256X1S_HD128
INFO: [VRFC 10-311] analyzing module RAM256X1S_HD129
INFO: [VRFC 10-311] analyzing module RAM256X1S_HD13
INFO: [VRFC 10-311] analyzing module RAM256X1S_HD130
INFO: [VRFC 10-311] analyzing module RAM256X1S_HD131
INFO: [VRFC 10-311] analyzing module RAM256X1S_HD132
INFO: [VRFC 10-311] analyzing module RAM256X1S_HD133
INFO: [VRFC 10-311] analyzing module RAM256X1S_HD134
INFO: [VRFC 10-311] analyzing module RAM256X1S_HD135
INFO: [VRFC 10-311] analyzing module RAM256X1S_HD136
INFO: [VRFC 10-311] analyzing module RAM256X1S_HD137
INFO: [VRFC 10-311] analyzing module RAM256X1S_HD138
INFO: [VRFC 10-311] analyzing module RAM256X1S_HD139
INFO: [VRFC 10-311] analyzing module RAM256X1S_HD14
INFO: [VRFC 10-311] analyzing module RAM256X1S_HD140
INFO: [VRFC 10-311] analyzing module RAM256X1S_HD141
INFO: [VRFC 10-311] analyzing module RAM256X1S_HD142
INFO: [VRFC 10-311] analyzing module RAM256X1S_HD143
INFO: [VRFC 10-311] analyzing module RAM256X1S_HD144
INFO: [VRFC 10-311] analyzing module RAM256X1S_HD145
INFO: [VRFC 10-311] analyzing module RAM256X1S_HD146
INFO: [VRFC 10-311] analyzing module RAM256X1S_HD147
INFO: [VRFC 10-311] analyzing module RAM256X1S_HD148
INFO: [VRFC 10-311] analyzing module RAM256X1S_HD149
INFO: [VRFC 10-311] analyzing module RAM256X1S_HD15
INFO: [VRFC 10-311] analyzing module RAM256X1S_HD150
INFO: [VRFC 10-311] analyzing module RAM256X1S_HD151
INFO: [VRFC 10-311] analyzing module RAM256X1S_HD152
INFO: [VRFC 10-311] analyzing module RAM256X1S_HD153
INFO: [VRFC 10-311] analyzing module RAM256X1S_HD154
INFO: [VRFC 10-311] analyzing module RAM256X1S_HD155
INFO: [VRFC 10-311] analyzing module RAM256X1S_HD156
INFO: [VRFC 10-311] analyzing module RAM256X1S_HD157
INFO: [VRFC 10-311] analyzing module RAM256X1S_HD158
INFO: [VRFC 10-311] analyzing module RAM256X1S_HD159
INFO: [VRFC 10-311] analyzing module RAM256X1S_HD16
INFO: [VRFC 10-311] analyzing module RAM256X1S_HD160
INFO: [VRFC 10-311] analyzing module RAM256X1S_HD161
INFO: [VRFC 10-311] analyzing module RAM256X1S_HD162
INFO: [VRFC 10-311] analyzing module RAM256X1S_HD163
INFO: [VRFC 10-311] analyzing module RAM256X1S_HD164
INFO: [VRFC 10-311] analyzing module RAM256X1S_HD165
INFO: [VRFC 10-311] analyzing module RAM256X1S_HD166
INFO: [VRFC 10-311] analyzing module RAM256X1S_HD167
INFO: [VRFC 10-311] analyzing module RAM256X1S_HD168
INFO: [VRFC 10-311] analyzing module RAM256X1S_HD169
INFO: [VRFC 10-311] analyzing module RAM256X1S_HD17
INFO: [VRFC 10-311] analyzing module RAM256X1S_HD170
INFO: [VRFC 10-311] analyzing module RAM256X1S_HD171
INFO: [VRFC 10-311] analyzing module RAM256X1S_HD172
INFO: [VRFC 10-311] analyzing module RAM256X1S_HD173
INFO: [VRFC 10-311] analyzing module RAM256X1S_HD174
INFO: [VRFC 10-311] analyzing module RAM256X1S_HD175
INFO: [VRFC 10-311] analyzing module RAM256X1S_HD176
INFO: [VRFC 10-311] analyzing module RAM256X1S_HD177
INFO: [VRFC 10-311] analyzing module RAM256X1S_HD178
INFO: [VRFC 10-311] analyzing module RAM256X1S_HD179
INFO: [VRFC 10-311] analyzing module RAM256X1S_HD18
INFO: [VRFC 10-311] analyzing module RAM256X1S_HD180
INFO: [VRFC 10-311] analyzing module RAM256X1S_HD181
INFO: [VRFC 10-311] analyzing module RAM256X1S_HD182
INFO: [VRFC 10-311] analyzing module RAM256X1S_HD183
INFO: [VRFC 10-311] analyzing module RAM256X1S_HD184
INFO: [VRFC 10-311] analyzing module RAM256X1S_HD185
INFO: [VRFC 10-311] analyzing module RAM256X1S_HD186
INFO: [VRFC 10-311] analyzing module RAM256X1S_HD187
INFO: [VRFC 10-311] analyzing module RAM256X1S_HD188
INFO: [VRFC 10-311] analyzing module RAM256X1S_HD189
INFO: [VRFC 10-311] analyzing module RAM256X1S_HD19
INFO: [VRFC 10-311] analyzing module RAM256X1S_HD190
INFO: [VRFC 10-311] analyzing module RAM256X1S_HD191
INFO: [VRFC 10-311] analyzing module RAM256X1S_HD192
INFO: [VRFC 10-311] analyzing module RAM256X1S_HD193
INFO: [VRFC 10-311] analyzing module RAM256X1S_HD194
INFO: [VRFC 10-311] analyzing module RAM256X1S_HD195
INFO: [VRFC 10-311] analyzing module RAM256X1S_HD196
INFO: [VRFC 10-311] analyzing module RAM256X1S_HD197
INFO: [VRFC 10-311] analyzing module RAM256X1S_HD198
INFO: [VRFC 10-311] analyzing module RAM256X1S_HD199
INFO: [VRFC 10-311] analyzing module RAM256X1S_HD2
INFO: [VRFC 10-311] analyzing module RAM256X1S_HD20
INFO: [VRFC 10-311] analyzing module RAM256X1S_HD200
INFO: [VRFC 10-311] analyzing module RAM256X1S_HD201
INFO: [VRFC 10-311] analyzing module RAM256X1S_HD202
INFO: [VRFC 10-311] analyzing module RAM256X1S_HD203
INFO: [VRFC 10-311] analyzing module RAM256X1S_HD204
INFO: [VRFC 10-311] analyzing module RAM256X1S_HD205
INFO: [VRFC 10-311] analyzing module RAM256X1S_HD206
INFO: [VRFC 10-311] analyzing module RAM256X1S_HD207
INFO: [VRFC 10-311] analyzing module RAM256X1S_HD208
INFO: [VRFC 10-311] analyzing module RAM256X1S_HD209
INFO: [VRFC 10-311] analyzing module RAM256X1S_HD21
INFO: [VRFC 10-311] analyzing module RAM256X1S_HD210
INFO: [VRFC 10-311] analyzing module RAM256X1S_HD211
INFO: [VRFC 10-311] analyzing module RAM256X1S_HD212
INFO: [VRFC 10-311] analyzing module RAM256X1S_HD213
INFO: [VRFC 10-311] analyzing module RAM256X1S_HD214
INFO: [VRFC 10-311] analyzing module RAM256X1S_HD215
INFO: [VRFC 10-311] analyzing module RAM256X1S_HD216
INFO: [VRFC 10-311] analyzing module RAM256X1S_HD217
INFO: [VRFC 10-311] analyzing module RAM256X1S_HD218
INFO: [VRFC 10-311] analyzing module RAM256X1S_HD219
INFO: [VRFC 10-311] analyzing module RAM256X1S_HD22
INFO: [VRFC 10-311] analyzing module RAM256X1S_HD220
INFO: [VRFC 10-311] analyzing module RAM256X1S_HD221
INFO: [VRFC 10-311] analyzing module RAM256X1S_HD222
INFO: [VRFC 10-311] analyzing module RAM256X1S_HD223
INFO: [VRFC 10-311] analyzing module RAM256X1S_HD224
INFO: [VRFC 10-311] analyzing module RAM256X1S_HD225
INFO: [VRFC 10-311] analyzing module RAM256X1S_HD226
INFO: [VRFC 10-311] analyzing module RAM256X1S_HD227
INFO: [VRFC 10-311] analyzing module RAM256X1S_HD228
INFO: [VRFC 10-311] analyzing module RAM256X1S_HD229
INFO: [VRFC 10-311] analyzing module RAM256X1S_HD23
INFO: [VRFC 10-311] analyzing module RAM256X1S_HD230
INFO: [VRFC 10-311] analyzing module RAM256X1S_HD231
INFO: [VRFC 10-311] analyzing module RAM256X1S_HD232
INFO: [VRFC 10-311] analyzing module RAM256X1S_HD233
INFO: [VRFC 10-311] analyzing module RAM256X1S_HD234
INFO: [VRFC 10-311] analyzing module RAM256X1S_HD235
INFO: [VRFC 10-311] analyzing module RAM256X1S_HD236
INFO: [VRFC 10-311] analyzing module RAM256X1S_HD237
INFO: [VRFC 10-311] analyzing module RAM256X1S_HD238
INFO: [VRFC 10-311] analyzing module RAM256X1S_HD239
INFO: [VRFC 10-311] analyzing module RAM256X1S_HD24
INFO: [VRFC 10-311] analyzing module RAM256X1S_HD240
INFO: [VRFC 10-311] analyzing module RAM256X1S_HD241
INFO: [VRFC 10-311] analyzing module RAM256X1S_HD242
INFO: [VRFC 10-311] analyzing module RAM256X1S_HD243
INFO: [VRFC 10-311] analyzing module RAM256X1S_HD244
INFO: [VRFC 10-311] analyzing module RAM256X1S_HD245
INFO: [VRFC 10-311] analyzing module RAM256X1S_HD246
INFO: [VRFC 10-311] analyzing module RAM256X1S_HD247
INFO: [VRFC 10-311] analyzing module RAM256X1S_HD248
INFO: [VRFC 10-311] analyzing module RAM256X1S_HD249
INFO: [VRFC 10-311] analyzing module RAM256X1S_HD25
INFO: [VRFC 10-311] analyzing module RAM256X1S_HD250
INFO: [VRFC 10-311] analyzing module RAM256X1S_HD251
INFO: [VRFC 10-311] analyzing module RAM256X1S_HD252
INFO: [VRFC 10-311] analyzing module RAM256X1S_HD253
INFO: [VRFC 10-311] analyzing module RAM256X1S_HD254
INFO: [VRFC 10-311] analyzing module RAM256X1S_HD255
INFO: [VRFC 10-311] analyzing module RAM256X1S_HD256
INFO: [VRFC 10-311] analyzing module RAM256X1S_HD257
INFO: [VRFC 10-311] analyzing module RAM256X1S_HD258
INFO: [VRFC 10-311] analyzing module RAM256X1S_HD259
INFO: [VRFC 10-311] analyzing module RAM256X1S_HD26
INFO: [VRFC 10-311] analyzing module RAM256X1S_HD260
INFO: [VRFC 10-311] analyzing module RAM256X1S_HD261
INFO: [VRFC 10-311] analyzing module RAM256X1S_HD262
INFO: [VRFC 10-311] analyzing module RAM256X1S_HD263
INFO: [VRFC 10-311] analyzing module RAM256X1S_HD264
INFO: [VRFC 10-311] analyzing module RAM256X1S_HD265
INFO: [VRFC 10-311] analyzing module RAM256X1S_HD266
INFO: [VRFC 10-311] analyzing module RAM256X1S_HD267
INFO: [VRFC 10-311] analyzing module RAM256X1S_HD268
INFO: [VRFC 10-311] analyzing module RAM256X1S_HD269
INFO: [VRFC 10-311] analyzing module RAM256X1S_HD27
INFO: [VRFC 10-311] analyzing module RAM256X1S_HD270
INFO: [VRFC 10-311] analyzing module RAM256X1S_HD271
INFO: [VRFC 10-311] analyzing module RAM256X1S_HD272
INFO: [VRFC 10-311] analyzing module RAM256X1S_HD273
INFO: [VRFC 10-311] analyzing module RAM256X1S_HD274
INFO: [VRFC 10-311] analyzing module RAM256X1S_HD275
INFO: [VRFC 10-311] analyzing module RAM256X1S_HD276
INFO: [VRFC 10-311] analyzing module RAM256X1S_HD277
INFO: [VRFC 10-311] analyzing module RAM256X1S_HD278
INFO: [VRFC 10-311] analyzing module RAM256X1S_HD279
INFO: [VRFC 10-311] analyzing module RAM256X1S_HD28
INFO: [VRFC 10-311] analyzing module RAM256X1S_HD280
INFO: [VRFC 10-311] analyzing module RAM256X1S_HD281
INFO: [VRFC 10-311] analyzing module RAM256X1S_HD282
INFO: [VRFC 10-311] analyzing module RAM256X1S_HD283
INFO: [VRFC 10-311] analyzing module RAM256X1S_HD284
INFO: [VRFC 10-311] analyzing module RAM256X1S_HD285
INFO: [VRFC 10-311] analyzing module RAM256X1S_HD286
INFO: [VRFC 10-311] analyzing module RAM256X1S_HD287
INFO: [VRFC 10-311] analyzing module RAM256X1S_HD288
INFO: [VRFC 10-311] analyzing module RAM256X1S_HD289
INFO: [VRFC 10-311] analyzing module RAM256X1S_HD29
INFO: [VRFC 10-311] analyzing module RAM256X1S_HD290
INFO: [VRFC 10-311] analyzing module RAM256X1S_HD291
INFO: [VRFC 10-311] analyzing module RAM256X1S_HD292
INFO: [VRFC 10-311] analyzing module RAM256X1S_HD293
INFO: [VRFC 10-311] analyzing module RAM256X1S_HD294
INFO: [VRFC 10-311] analyzing module RAM256X1S_HD295
INFO: [VRFC 10-311] analyzing module RAM256X1S_HD296
INFO: [VRFC 10-311] analyzing module RAM256X1S_HD297
INFO: [VRFC 10-311] analyzing module RAM256X1S_HD298
INFO: [VRFC 10-311] analyzing module RAM256X1S_HD299
INFO: [VRFC 10-311] analyzing module RAM256X1S_HD3
INFO: [VRFC 10-311] analyzing module RAM256X1S_HD30
INFO: [VRFC 10-311] analyzing module RAM256X1S_HD300
INFO: [VRFC 10-311] analyzing module RAM256X1S_HD301
INFO: [VRFC 10-311] analyzing module RAM256X1S_HD302
INFO: [VRFC 10-311] analyzing module RAM256X1S_HD303
INFO: [VRFC 10-311] analyzing module RAM256X1S_HD304
INFO: [VRFC 10-311] analyzing module RAM256X1S_HD305
INFO: [VRFC 10-311] analyzing module RAM256X1S_HD306
INFO: [VRFC 10-311] analyzing module RAM256X1S_HD307
INFO: [VRFC 10-311] analyzing module RAM256X1S_HD308
INFO: [VRFC 10-311] analyzing module RAM256X1S_HD309
INFO: [VRFC 10-311] analyzing module RAM256X1S_HD31
INFO: [VRFC 10-311] analyzing module RAM256X1S_HD310
INFO: [VRFC 10-311] analyzing module RAM256X1S_HD311
INFO: [VRFC 10-311] analyzing module RAM256X1S_HD312
INFO: [VRFC 10-311] analyzing module RAM256X1S_HD313
INFO: [VRFC 10-311] analyzing module RAM256X1S_HD314
INFO: [VRFC 10-311] analyzing module RAM256X1S_HD315
INFO: [VRFC 10-311] analyzing module RAM256X1S_HD316
INFO: [VRFC 10-311] analyzing module RAM256X1S_HD317
INFO: [VRFC 10-311] analyzing module RAM256X1S_HD318
INFO: [VRFC 10-311] analyzing module RAM256X1S_HD319
INFO: [VRFC 10-311] analyzing module RAM256X1S_HD32
INFO: [VRFC 10-311] analyzing module RAM256X1S_HD320
INFO: [VRFC 10-311] analyzing module RAM256X1S_HD321
INFO: [VRFC 10-311] analyzing module RAM256X1S_HD322
INFO: [VRFC 10-311] analyzing module RAM256X1S_HD323
INFO: [VRFC 10-311] analyzing module RAM256X1S_HD324
INFO: [VRFC 10-311] analyzing module RAM256X1S_HD325
INFO: [VRFC 10-311] analyzing module RAM256X1S_HD326
INFO: [VRFC 10-311] analyzing module RAM256X1S_HD327
INFO: [VRFC 10-311] analyzing module RAM256X1S_HD328
INFO: [VRFC 10-311] analyzing module RAM256X1S_HD329
INFO: [VRFC 10-311] analyzing module RAM256X1S_HD33
INFO: [VRFC 10-311] analyzing module RAM256X1S_HD330
INFO: [VRFC 10-311] analyzing module RAM256X1S_HD331
INFO: [VRFC 10-311] analyzing module RAM256X1S_HD332
INFO: [VRFC 10-311] analyzing module RAM256X1S_HD333
INFO: [VRFC 10-311] analyzing module RAM256X1S_HD334
INFO: [VRFC 10-311] analyzing module RAM256X1S_HD335
INFO: [VRFC 10-311] analyzing module RAM256X1S_HD336
INFO: [VRFC 10-311] analyzing module RAM256X1S_HD337
INFO: [VRFC 10-311] analyzing module RAM256X1S_HD338
INFO: [VRFC 10-311] analyzing module RAM256X1S_HD339
INFO: [VRFC 10-311] analyzing module RAM256X1S_HD34
INFO: [VRFC 10-311] analyzing module RAM256X1S_HD340
INFO: [VRFC 10-311] analyzing module RAM256X1S_HD341
INFO: [VRFC 10-311] analyzing module RAM256X1S_HD342
INFO: [VRFC 10-311] analyzing module RAM256X1S_HD343
INFO: [VRFC 10-311] analyzing module RAM256X1S_HD344
INFO: [VRFC 10-311] analyzing module RAM256X1S_HD345
INFO: [VRFC 10-311] analyzing module RAM256X1S_HD346
INFO: [VRFC 10-311] analyzing module RAM256X1S_HD347
INFO: [VRFC 10-311] analyzing module RAM256X1S_HD348
INFO: [VRFC 10-311] analyzing module RAM256X1S_HD349
INFO: [VRFC 10-311] analyzing module RAM256X1S_HD35
INFO: [VRFC 10-311] analyzing module RAM256X1S_HD350
INFO: [VRFC 10-311] analyzing module RAM256X1S_HD351
INFO: [VRFC 10-311] analyzing module RAM256X1S_HD352
INFO: [VRFC 10-311] analyzing module RAM256X1S_HD353
INFO: [VRFC 10-311] analyzing module RAM256X1S_HD354
INFO: [VRFC 10-311] analyzing module RAM256X1S_HD355
INFO: [VRFC 10-311] analyzing module RAM256X1S_HD356
INFO: [VRFC 10-311] analyzing module RAM256X1S_HD357
INFO: [VRFC 10-311] analyzing module RAM256X1S_HD358
INFO: [VRFC 10-311] analyzing module RAM256X1S_HD359
INFO: [VRFC 10-311] analyzing module RAM256X1S_HD36
INFO: [VRFC 10-311] analyzing module RAM256X1S_HD360
INFO: [VRFC 10-311] analyzing module RAM256X1S_HD361
INFO: [VRFC 10-311] analyzing module RAM256X1S_HD362
INFO: [VRFC 10-311] analyzing module RAM256X1S_HD363
INFO: [VRFC 10-311] analyzing module RAM256X1S_HD364
INFO: [VRFC 10-311] analyzing module RAM256X1S_HD365
INFO: [VRFC 10-311] analyzing module RAM256X1S_HD366
INFO: [VRFC 10-311] analyzing module RAM256X1S_HD367
INFO: [VRFC 10-311] analyzing module RAM256X1S_HD368
INFO: [VRFC 10-311] analyzing module RAM256X1S_HD369
INFO: [VRFC 10-311] analyzing module RAM256X1S_HD37
INFO: [VRFC 10-311] analyzing module RAM256X1S_HD370
INFO: [VRFC 10-311] analyzing module RAM256X1S_HD371
INFO: [VRFC 10-311] analyzing module RAM256X1S_HD372
INFO: [VRFC 10-311] analyzing module RAM256X1S_HD373
INFO: [VRFC 10-311] analyzing module RAM256X1S_HD374
INFO: [VRFC 10-311] analyzing module RAM256X1S_HD375
INFO: [VRFC 10-311] analyzing module RAM256X1S_HD376
INFO: [VRFC 10-311] analyzing module RAM256X1S_HD377
INFO: [VRFC 10-311] analyzing module RAM256X1S_HD378
INFO: [VRFC 10-311] analyzing module RAM256X1S_HD379
INFO: [VRFC 10-311] analyzing module RAM256X1S_HD38
INFO: [VRFC 10-311] analyzing module RAM256X1S_HD380
INFO: [VRFC 10-311] analyzing module RAM256X1S_HD381
INFO: [VRFC 10-311] analyzing module RAM256X1S_HD382
INFO: [VRFC 10-311] analyzing module RAM256X1S_HD383
INFO: [VRFC 10-311] analyzing module RAM256X1S_HD384
INFO: [VRFC 10-311] analyzing module RAM256X1S_HD385
INFO: [VRFC 10-311] analyzing module RAM256X1S_HD386
INFO: [VRFC 10-311] analyzing module RAM256X1S_HD387
INFO: [VRFC 10-311] analyzing module RAM256X1S_HD388
INFO: [VRFC 10-311] analyzing module RAM256X1S_HD389
INFO: [VRFC 10-311] analyzing module RAM256X1S_HD39
INFO: [VRFC 10-311] analyzing module RAM256X1S_HD390
INFO: [VRFC 10-311] analyzing module RAM256X1S_HD391
INFO: [VRFC 10-311] analyzing module RAM256X1S_HD392
INFO: [VRFC 10-311] analyzing module RAM256X1S_HD393
INFO: [VRFC 10-311] analyzing module RAM256X1S_HD394
INFO: [VRFC 10-311] analyzing module RAM256X1S_HD395
INFO: [VRFC 10-311] analyzing module RAM256X1S_HD396
INFO: [VRFC 10-311] analyzing module RAM256X1S_HD397
INFO: [VRFC 10-311] analyzing module RAM256X1S_HD398
INFO: [VRFC 10-311] analyzing module RAM256X1S_HD399
INFO: [VRFC 10-311] analyzing module RAM256X1S_HD4
INFO: [VRFC 10-311] analyzing module RAM256X1S_HD40
INFO: [VRFC 10-311] analyzing module RAM256X1S_HD400
INFO: [VRFC 10-311] analyzing module RAM256X1S_HD401
INFO: [VRFC 10-311] analyzing module RAM256X1S_HD402
INFO: [VRFC 10-311] analyzing module RAM256X1S_HD403
INFO: [VRFC 10-311] analyzing module RAM256X1S_HD404
INFO: [VRFC 10-311] analyzing module RAM256X1S_HD405
INFO: [VRFC 10-311] analyzing module RAM256X1S_HD406
INFO: [VRFC 10-311] analyzing module RAM256X1S_HD407
INFO: [VRFC 10-311] analyzing module RAM256X1S_HD408
INFO: [VRFC 10-311] analyzing module RAM256X1S_HD409
INFO: [VRFC 10-311] analyzing module RAM256X1S_HD41
INFO: [VRFC 10-311] analyzing module RAM256X1S_HD410
INFO: [VRFC 10-311] analyzing module RAM256X1S_HD411
INFO: [VRFC 10-311] analyzing module RAM256X1S_HD412
INFO: [VRFC 10-311] analyzing module RAM256X1S_HD413
INFO: [VRFC 10-311] analyzing module RAM256X1S_HD414
INFO: [VRFC 10-311] analyzing module RAM256X1S_HD415
INFO: [VRFC 10-311] analyzing module RAM256X1S_HD416
INFO: [VRFC 10-311] analyzing module RAM256X1S_HD417
INFO: [VRFC 10-311] analyzing module RAM256X1S_HD418
INFO: [VRFC 10-311] analyzing module RAM256X1S_HD419
INFO: [VRFC 10-311] analyzing module RAM256X1S_HD42
INFO: [VRFC 10-311] analyzing module RAM256X1S_HD420
INFO: [VRFC 10-311] analyzing module RAM256X1S_HD421
INFO: [VRFC 10-311] analyzing module RAM256X1S_HD422
INFO: [VRFC 10-311] analyzing module RAM256X1S_HD423
INFO: [VRFC 10-311] analyzing module RAM256X1S_HD424
INFO: [VRFC 10-311] analyzing module RAM256X1S_HD425
INFO: [VRFC 10-311] analyzing module RAM256X1S_HD426
INFO: [VRFC 10-311] analyzing module RAM256X1S_HD427
INFO: [VRFC 10-311] analyzing module RAM256X1S_HD428
INFO: [VRFC 10-311] analyzing module RAM256X1S_HD429
INFO: [VRFC 10-311] analyzing module RAM256X1S_HD43
INFO: [VRFC 10-311] analyzing module RAM256X1S_HD430
INFO: [VRFC 10-311] analyzing module RAM256X1S_HD431
INFO: [VRFC 10-311] analyzing module RAM256X1S_HD432
INFO: [VRFC 10-311] analyzing module RAM256X1S_HD433
INFO: [VRFC 10-311] analyzing module RAM256X1S_HD434
INFO: [VRFC 10-311] analyzing module RAM256X1S_HD435
INFO: [VRFC 10-311] analyzing module RAM256X1S_HD436
INFO: [VRFC 10-311] analyzing module RAM256X1S_HD437
INFO: [VRFC 10-311] analyzing module RAM256X1S_HD438
INFO: [VRFC 10-311] analyzing module RAM256X1S_HD439
INFO: [VRFC 10-311] analyzing module RAM256X1S_HD44
INFO: [VRFC 10-311] analyzing module RAM256X1S_HD440
INFO: [VRFC 10-311] analyzing module RAM256X1S_HD441
INFO: [VRFC 10-311] analyzing module RAM256X1S_HD442
INFO: [VRFC 10-311] analyzing module RAM256X1S_HD443
INFO: [VRFC 10-311] analyzing module RAM256X1S_HD444
INFO: [VRFC 10-311] analyzing module RAM256X1S_HD445
INFO: [VRFC 10-311] analyzing module RAM256X1S_HD446
INFO: [VRFC 10-311] analyzing module RAM256X1S_HD447
INFO: [VRFC 10-311] analyzing module RAM256X1S_HD448
INFO: [VRFC 10-311] analyzing module RAM256X1S_HD449
INFO: [VRFC 10-311] analyzing module RAM256X1S_HD45
INFO: [VRFC 10-311] analyzing module RAM256X1S_HD450
INFO: [VRFC 10-311] analyzing module RAM256X1S_HD451
INFO: [VRFC 10-311] analyzing module RAM256X1S_HD452
INFO: [VRFC 10-311] analyzing module RAM256X1S_HD453
INFO: [VRFC 10-311] analyzing module RAM256X1S_HD454
INFO: [VRFC 10-311] analyzing module RAM256X1S_HD455
INFO: [VRFC 10-311] analyzing module RAM256X1S_HD456
INFO: [VRFC 10-311] analyzing module RAM256X1S_HD457
INFO: [VRFC 10-311] analyzing module RAM256X1S_HD458
INFO: [VRFC 10-311] analyzing module RAM256X1S_HD459
INFO: [VRFC 10-311] analyzing module RAM256X1S_HD46
INFO: [VRFC 10-311] analyzing module RAM256X1S_HD460
INFO: [VRFC 10-311] analyzing module RAM256X1S_HD461
INFO: [VRFC 10-311] analyzing module RAM256X1S_HD462
INFO: [VRFC 10-311] analyzing module RAM256X1S_HD463
INFO: [VRFC 10-311] analyzing module RAM256X1S_HD464
INFO: [VRFC 10-311] analyzing module RAM256X1S_HD465
INFO: [VRFC 10-311] analyzing module RAM256X1S_HD466
INFO: [VRFC 10-311] analyzing module RAM256X1S_HD467
INFO: [VRFC 10-311] analyzing module RAM256X1S_HD468
INFO: [VRFC 10-311] analyzing module RAM256X1S_HD469
INFO: [VRFC 10-311] analyzing module RAM256X1S_HD47
INFO: [VRFC 10-311] analyzing module RAM256X1S_HD470
INFO: [VRFC 10-311] analyzing module RAM256X1S_HD471
INFO: [VRFC 10-311] analyzing module RAM256X1S_HD472
INFO: [VRFC 10-311] analyzing module RAM256X1S_HD473
INFO: [VRFC 10-311] analyzing module RAM256X1S_HD474
INFO: [VRFC 10-311] analyzing module RAM256X1S_HD475
INFO: [VRFC 10-311] analyzing module RAM256X1S_HD476
INFO: [VRFC 10-311] analyzing module RAM256X1S_HD477
INFO: [VRFC 10-311] analyzing module RAM256X1S_HD478
INFO: [VRFC 10-311] analyzing module RAM256X1S_HD479
INFO: [VRFC 10-311] analyzing module RAM256X1S_HD48
INFO: [VRFC 10-311] analyzing module RAM256X1S_HD480
INFO: [VRFC 10-311] analyzing module RAM256X1S_HD481
INFO: [VRFC 10-311] analyzing module RAM256X1S_HD482
INFO: [VRFC 10-311] analyzing module RAM256X1S_HD483
INFO: [VRFC 10-311] analyzing module RAM256X1S_HD484
INFO: [VRFC 10-311] analyzing module RAM256X1S_HD485
INFO: [VRFC 10-311] analyzing module RAM256X1S_HD486
INFO: [VRFC 10-311] analyzing module RAM256X1S_HD487
INFO: [VRFC 10-311] analyzing module RAM256X1S_HD488
INFO: [VRFC 10-311] analyzing module RAM256X1S_HD489
INFO: [VRFC 10-311] analyzing module RAM256X1S_HD49
INFO: [VRFC 10-311] analyzing module RAM256X1S_HD490
INFO: [VRFC 10-311] analyzing module RAM256X1S_HD491
INFO: [VRFC 10-311] analyzing module RAM256X1S_HD492
INFO: [VRFC 10-311] analyzing module RAM256X1S_HD493
INFO: [VRFC 10-311] analyzing module RAM256X1S_HD494
INFO: [VRFC 10-311] analyzing module RAM256X1S_HD495
INFO: [VRFC 10-311] analyzing module RAM256X1S_HD496
INFO: [VRFC 10-311] analyzing module RAM256X1S_HD497
INFO: [VRFC 10-311] analyzing module RAM256X1S_HD498
INFO: [VRFC 10-311] analyzing module RAM256X1S_HD499
INFO: [VRFC 10-311] analyzing module RAM256X1S_HD5
INFO: [VRFC 10-311] analyzing module RAM256X1S_HD50
INFO: [VRFC 10-311] analyzing module RAM256X1S_HD500
INFO: [VRFC 10-311] analyzing module RAM256X1S_HD501
INFO: [VRFC 10-311] analyzing module RAM256X1S_HD502
INFO: [VRFC 10-311] analyzing module RAM256X1S_HD503
INFO: [VRFC 10-311] analyzing module RAM256X1S_HD504
INFO: [VRFC 10-311] analyzing module RAM256X1S_HD505
INFO: [VRFC 10-311] analyzing module RAM256X1S_HD506
INFO: [VRFC 10-311] analyzing module RAM256X1S_HD507
INFO: [VRFC 10-311] analyzing module RAM256X1S_HD508
INFO: [VRFC 10-311] analyzing module RAM256X1S_HD509
INFO: [VRFC 10-311] analyzing module RAM256X1S_HD51
INFO: [VRFC 10-311] analyzing module RAM256X1S_HD510
INFO: [VRFC 10-311] analyzing module RAM256X1S_HD511
INFO: [VRFC 10-311] analyzing module RAM256X1S_HD52
INFO: [VRFC 10-311] analyzing module RAM256X1S_HD53
INFO: [VRFC 10-311] analyzing module RAM256X1S_HD54
INFO: [VRFC 10-311] analyzing module RAM256X1S_HD55
INFO: [VRFC 10-311] analyzing module RAM256X1S_HD56
INFO: [VRFC 10-311] analyzing module RAM256X1S_HD57
INFO: [VRFC 10-311] analyzing module RAM256X1S_HD58
INFO: [VRFC 10-311] analyzing module RAM256X1S_HD59
INFO: [VRFC 10-311] analyzing module RAM256X1S_HD6
INFO: [VRFC 10-311] analyzing module RAM256X1S_HD60
INFO: [VRFC 10-311] analyzing module RAM256X1S_HD61
INFO: [VRFC 10-311] analyzing module RAM256X1S_HD62
INFO: [VRFC 10-311] analyzing module RAM256X1S_HD63
INFO: [VRFC 10-311] analyzing module RAM256X1S_HD64
INFO: [VRFC 10-311] analyzing module RAM256X1S_HD65
INFO: [VRFC 10-311] analyzing module RAM256X1S_HD66
INFO: [VRFC 10-311] analyzing module RAM256X1S_HD67
INFO: [VRFC 10-311] analyzing module RAM256X1S_HD68
INFO: [VRFC 10-311] analyzing module RAM256X1S_HD69
INFO: [VRFC 10-311] analyzing module RAM256X1S_HD7
INFO: [VRFC 10-311] analyzing module RAM256X1S_HD70
INFO: [VRFC 10-311] analyzing module RAM256X1S_HD71
INFO: [VRFC 10-311] analyzing module RAM256X1S_HD72
INFO: [VRFC 10-311] analyzing module RAM256X1S_HD73
INFO: [VRFC 10-311] analyzing module RAM256X1S_HD74
INFO: [VRFC 10-311] analyzing module RAM256X1S_HD75
INFO: [VRFC 10-311] analyzing module RAM256X1S_HD76
INFO: [VRFC 10-311] analyzing module RAM256X1S_HD77
INFO: [VRFC 10-311] analyzing module RAM256X1S_HD78
INFO: [VRFC 10-311] analyzing module RAM256X1S_HD79
INFO: [VRFC 10-311] analyzing module RAM256X1S_HD8
INFO: [VRFC 10-311] analyzing module RAM256X1S_HD80
INFO: [VRFC 10-311] analyzing module RAM256X1S_HD81
INFO: [VRFC 10-311] analyzing module RAM256X1S_HD82
INFO: [VRFC 10-311] analyzing module RAM256X1S_HD83
INFO: [VRFC 10-311] analyzing module RAM256X1S_HD84
INFO: [VRFC 10-311] analyzing module RAM256X1S_HD85
INFO: [VRFC 10-311] analyzing module RAM256X1S_HD86
INFO: [VRFC 10-311] analyzing module RAM256X1S_HD87
INFO: [VRFC 10-311] analyzing module RAM256X1S_HD88
INFO: [VRFC 10-311] analyzing module RAM256X1S_HD89
INFO: [VRFC 10-311] analyzing module RAM256X1S_HD9
INFO: [VRFC 10-311] analyzing module RAM256X1S_HD90
INFO: [VRFC 10-311] analyzing module RAM256X1S_HD91
INFO: [VRFC 10-311] analyzing module RAM256X1S_HD92
INFO: [VRFC 10-311] analyzing module RAM256X1S_HD93
INFO: [VRFC 10-311] analyzing module RAM256X1S_HD94
INFO: [VRFC 10-311] analyzing module RAM256X1S_HD95
INFO: [VRFC 10-311] analyzing module RAM256X1S_HD96
INFO: [VRFC 10-311] analyzing module RAM256X1S_HD97
INFO: [VRFC 10-311] analyzing module RAM256X1S_HD98
INFO: [VRFC 10-311] analyzing module RAM256X1S_HD99
INFO: [VRFC 10-311] analyzing module ALU
INFO: [VRFC 10-311] analyzing module CLZAlgorithm
INFO: [VRFC 10-311] analyzing module DIV
INFO: [VRFC 10-311] analyzing module MULT
INFO: [VRFC 10-311] analyzing module Trapezohedron
INFO: [VRFC 10-311] analyzing module computer
INFO: [VRFC 10-311] analyzing module cpu_div
INFO: [VRFC 10-311] analyzing module nyarlathotep
INFO: [VRFC 10-311] analyzing module regfile
INFO: [VRFC 10-311] analyzing module DMEM_block_blk_mem_gen_generic_cstr
INFO: [VRFC 10-311] analyzing module DMEM_block_blk_mem_gen_prim_width
INFO: [VRFC 10-311] analyzing module DMEM_block_blk_mem_gen_prim_wrapper
INFO: [VRFC 10-311] analyzing module DMEM_block_blk_mem_gen_top
INFO: [VRFC 10-311] analyzing module DMEM_block_blk_mem_gen_v8_3_3
INFO: [VRFC 10-311] analyzing module DMEM_block_blk_mem_gen_v8_3_3_synth
INFO: [VRFC 10-311] analyzing module IMEM_dist_dist_mem_gen_v8_0_10
INFO: [VRFC 10-311] analyzing module IMEM_dist_dist_mem_gen_v8_0_10_synth
INFO: [VRFC 10-311] analyzing module IMEM_dist_spram
INFO: [VRFC 10-311] analyzing module glbl
INFO: [VRFC 10-2263] Analyzing Verilog file "D:/Projects/CompArch/CPU-Nyarlathotep/CPU-Nyarlathotep.srcs/sim_1/new/computer_tb.v" into library xil_defaultlib
INFO: [VRFC 10-311] analyzing module computer_tb
