# do {sccomp_dataflow_oj_tb_compile.do}
# Model Technology ModelSim SE-64 vmap 10.5 Lib Mapping Utility 2016.02 Feb 13 2016
# vmap xil_defaultlib msim/xil_defaultlib 
# Modifying D:\xilinx_modelsim_lib\modelsim.ini
# ** Warning: (vlog-159) Mode option -64 is not supported in this context and will be ignored.
# Model Technology ModelSim SE-64 vlog 10.5 Compiler 2016.02 Feb 13 2016
# Start time: 02:02:43 on Apr 26,2018
# vlog -64 -incr -work xil_defaultlib "+incdir+../../../../CPU-Azathoth.srcs/sources_1/new" sccomp_dataflow_oj_tb_func_synth.v ../../../../CPU-Azathoth.srcs/sim_1/new/sccomp_dataflow_oj_tb.v 
# -- Compiling module DMEM
# -- Compiling module IMEM_dist
# -- Compiling module azathoth
# -- Compiling module regfile
# -- Compiling module sccomp_dataflow
# -- Compiling module DMEM_blk_mem_gen_generic_cstr
# -- Compiling module DMEM_blk_mem_gen_prim_width
# -- Compiling module DMEM_blk_mem_gen_prim_wrapper
# -- Compiling module DMEM_blk_mem_gen_top
# -- Compiling module DMEM_blk_mem_gen_v8_3_3
# -- Compiling module DMEM_blk_mem_gen_v8_3_3_synth
# -- Compiling module IMEM_dist_dist_mem_gen_v8_0_10
# -- Compiling module IMEM_dist_dist_mem_gen_v8_0_10_synth
# -- Compiling module IMEM_dist_rom
# -- Compiling module glbl
# -- Compiling module sccomp_dataflow_oj_tb
# 
# Top level modules:
# 	glbl
# 	sccomp_dataflow_oj_tb
# End time: 02:02:44 on Apr 26,2018, Elapsed time: 0:00:01
# Errors: 0, Warnings: 1
